Mon Apr 20 11:28:23 Saved as file F:\ELECTRONIC\2015\PROJECTS\20.LOW COST RELOAD MACHINE\SCHEMATIC\VER2\SRM.MAX
Mon Apr 20 11:28:23 Saved as file BACKUP1.MAX
Mon Apr 20 11:28:23 Saved as file F:\ELECTRONIC\2015\PROJECTS\20.LOW COST RELOAD MACHINE\SCHEMATIC\VER2\SRM.MAX
Mon Apr 20 11:28:52 UserDiv from Layout.INI for AutoECO: 60
Mon Apr 20 11:28:52 Loaded file F:\ELECTRONIC\2015\PROJECTS\20.LOW COST RELOAD MACHINE\SCHEMATIC\VER2\SRM.MAX
Mon Apr 20 11:28:53 Loaded file C:\PROGRAM FILES\ORCAD\LAYOUT_PLUS\LIBRARY\EMPTY.LLB
Mon Apr 20 11:28:53 Loaded file C:\PROGRAM FILES\ORCAD\LAYOUT_PLUS\LIBRARY\EX_GUI.LLB
Mon Apr 20 11:28:53 Loaded file C:\PROGRAM FILES\ORCAD\LAYOUT_PLUS\LIBRARY\IC.LLB
Mon Apr 20 11:28:53 Loaded file C:\PROGRAM FILES\ORCAD\LAYOUT_PLUS\LIBRARY\METRIC.LLB
Mon Apr 20 11:28:53 Loaded file C:\PROGRAM FILES\ORCAD\LAYOUT_PLUS\LIBRARY\PADSTACK.LLB
Mon Apr 20 11:28:53 Loaded file C:\PROGRAM FILES\ORCAD\LAYOUT_PLUS\LIBRARY\USER.LLB
Mon Apr 20 11:28:53 Loaded file C:\PROGRAM FILES\ORCAD\LIBRARY-DRC\LED.LLB
Mon Apr 20 11:28:53 Loaded file C:\PROGRAM FILES\ORCAD\LIBRARY-DRC\SWITCHES.LLB
Mon Apr 20 11:28:53 Loaded file C:\PROGRAM FILES\ORCAD\LIBRARY-DRC\CONNECTOR.LLB
Mon Apr 20 11:28:53 Loaded file C:\PROGRAM FILES\ORCAD\LIBRARY-DRC\CRYSTAL.LLB
Mon Apr 20 11:28:53 Loaded file C:\PROGRAM FILES\ORCAD\LIBRARY-DRC\DIOD.LLB
Mon Apr 20 11:28:53 Loaded file C:\PROGRAM FILES\ORCAD\LIBRARY-DRC\CAPACITOR.LLB
Mon Apr 20 11:28:53 Loaded file C:\PROGRAM FILES\ORCAD\LIBRARY-DRC\RESISTOR.LLB
Mon Apr 20 11:28:53 Loaded file C:\PROGRAM FILES\ORCAD\LIBRARY-DRC\IC.LLB
Mon Apr 20 11:28:53 Loaded file C:\PROGRAM FILES\ORCAD\LIBRARY-DRC\HEADER.LLB
Mon Apr 20 11:28:53 Loaded file C:\PROGRAM FILES\ORCAD\LAYOUT_PLUS\library\BCON100T.llb
Mon Apr 20 11:28:53 Loaded file C:\PROGRAM FILES\ORCAD\LAYOUT_PLUS\library\BCON156T.llb
Mon Apr 20 11:28:53 Loaded file C:\PROGRAM FILES\ORCAD\LAYOUT_PLUS\library\BGA.llb
Mon Apr 20 11:28:53 Loaded file C:\PROGRAM FILES\ORCAD\LAYOUT_PLUS\library\CLCC.llb
Mon Apr 20 11:28:53 Loaded file C:\PROGRAM FILES\ORCAD\LAYOUT_PLUS\library\DCON050T.llb
Mon Apr 20 11:28:53 Loaded file C:\PROGRAM FILES\ORCAD\LAYOUT_PLUS\library\DCON085T.llb
Mon Apr 20 11:28:53 Loaded file C:\PROGRAM FILES\ORCAD\LAYOUT_PLUS\library\DIMM050F.llb
Mon Apr 20 11:28:53 Loaded file C:\PROGRAM FILES\ORCAD\LAYOUT_PLUS\library\DIMM050T.llb
Mon Apr 20 11:28:53 Loaded file C:\PROGRAM FILES\ORCAD\LAYOUT_PLUS\library\DIN.llb
Mon Apr 20 11:28:53 Loaded file C:\PROGRAM FILES\ORCAD\LAYOUT_PLUS\library\DIP100B.llb
Mon Apr 20 11:28:53 Loaded file C:\PROGRAM FILES\ORCAD\LAYOUT_PLUS\library\DIP100T.llb
Mon Apr 20 11:28:53 Loaded file C:\PROGRAM FILES\ORCAD\LAYOUT_PLUS\library\DSUBT.llb
Mon Apr 20 11:28:53 Loaded file C:\PROGRAM FILES\ORCAD\LAYOUT_PLUS\library\DSUBT_HD.LLB
Mon Apr 20 11:28:53 Loaded file C:\PROGRAM FILES\ORCAD\LAYOUT_PLUS\library\ECON100T.llb
Mon Apr 20 11:28:53 Loaded file C:\PROGRAM FILES\ORCAD\LAYOUT_PLUS\library\FBUS.llb
Mon Apr 20 11:28:53 Loaded file C:\PROGRAM FILES\ORCAD\LAYOUT_PLUS\library\ISA.llb
Mon Apr 20 11:28:53 Loaded file C:\PROGRAM FILES\ORCAD\LAYOUT_PLUS\library\JUMPER.LLB
Mon Apr 20 11:28:53 Loaded file C:\PROGRAM FILES\ORCAD\LAYOUT_PLUS\library\LAYOUT.llb
Mon Apr 20 11:28:53 Loaded file C:\PROGRAM FILES\ORCAD\LAYOUT_PLUS\library\LCON100T.llb
Mon Apr 20 11:28:53 Loaded file C:\PROGRAM FILES\ORCAD\LAYOUT_PLUS\library\PC104.llb
Mon Apr 20 11:28:53 Loaded file C:\PROGRAM FILES\ORCAD\LAYOUT_PLUS\library\PCI.llb
Mon Apr 20 11:28:53 Loaded file C:\PROGRAM FILES\ORCAD\LAYOUT_PLUS\library\PCON100T.llb
Mon Apr 20 11:28:53 Loaded file C:\PROGRAM FILES\ORCAD\LAYOUT_PLUS\library\PCON156T.llb
Mon Apr 20 11:28:53 Loaded file C:\PROGRAM FILES\ORCAD\LAYOUT_PLUS\library\PGA.llb
Mon Apr 20 11:28:53 Loaded file C:\PROGRAM FILES\ORCAD\LAYOUT_PLUS\library\PLCC.llb
Mon Apr 20 11:28:53 Loaded file C:\PROGRAM FILES\ORCAD\LAYOUT_PLUS\library\QUAD.llb
Mon Apr 20 11:28:53 Loaded file C:\PROGRAM FILES\ORCAD\LAYOUT_PLUS\library\QUADB.llb
Mon Apr 20 11:28:53 Loaded file C:\PROGRAM FILES\ORCAD\LAYOUT_PLUS\library\RELAY.llb
Mon Apr 20 11:28:53 Loaded file C:\PROGRAM FILES\ORCAD\LAYOUT_PLUS\library\RF.llb
Mon Apr 20 11:28:53 Loaded file C:\PROGRAM FILES\ORCAD\LAYOUT_PLUS\library\SBUS.llb
Mon Apr 20 11:28:53 Loaded file C:\PROGRAM FILES\ORCAD\LAYOUT_PLUS\library\SIMM050F.llb
Mon Apr 20 11:28:53 Loaded file C:\PROGRAM FILES\ORCAD\LAYOUT_PLUS\library\SIMM050T.llb
Mon Apr 20 11:28:53 Loaded file C:\PROGRAM FILES\ORCAD\LAYOUT_PLUS\library\SIMM100F.llb
Mon Apr 20 11:28:53 Loaded file C:\PROGRAM FILES\ORCAD\LAYOUT_PLUS\library\SIMM100T.llb
Mon Apr 20 11:28:53 Loaded file C:\PROGRAM FILES\ORCAD\LAYOUT_PLUS\library\SIP.llb
Mon Apr 20 11:28:53 Loaded file C:\PROGRAM FILES\ORCAD\LAYOUT_PLUS\library\SM.llb
Mon Apr 20 11:28:53 Loaded file C:\PROGRAM FILES\ORCAD\LAYOUT_PLUS\library\SOG.llb
Mon Apr 20 11:28:53 Loaded file C:\PROGRAM FILES\ORCAD\LAYOUT_PLUS\library\SOJ.llb
Mon Apr 20 11:28:53 Loaded file C:\PROGRAM FILES\ORCAD\LAYOUT_PLUS\library\STIFF.llb
Mon Apr 20 11:28:53 Loaded file C:\PROGRAM FILES\ORCAD\LAYOUT_PLUS\library\TELE.llb
Mon Apr 20 11:28:53 Loaded file C:\PROGRAM FILES\ORCAD\LAYOUT_PLUS\library\TM_AXIAL.llb
Mon Apr 20 11:28:53 Loaded file C:\PROGRAM FILES\ORCAD\LAYOUT_PLUS\library\TM_CAP_P.llb
Mon Apr 20 11:28:53 Loaded file C:\PROGRAM FILES\ORCAD\LAYOUT_PLUS\library\TM_CYLND.llb
Mon Apr 20 11:28:53 Loaded file C:\PROGRAM FILES\ORCAD\LAYOUT_PLUS\library\TM_DIODE.llb
Mon Apr 20 11:28:53 Loaded file C:\PROGRAM FILES\ORCAD\LAYOUT_PLUS\library\TM_DISC.llb
Mon Apr 20 11:28:53 Loaded file C:\PROGRAM FILES\ORCAD\LAYOUT_PLUS\library\TM_RAD.llb
Mon Apr 20 11:28:53 Loaded file C:\PROGRAM FILES\ORCAD\LAYOUT_PLUS\library\TO.llb
Mon Apr 20 11:28:53 Loaded file C:\PROGRAM FILES\ORCAD\LAYOUT_PLUS\library\TRAINING.LLB
Mon Apr 20 11:28:53 Loaded file C:\PROGRAM FILES\ORCAD\LAYOUT_PLUS\library\VRES.llb
Mon Apr 20 11:28:53 Loaded file C:\PROGRAM FILES\ORCAD\LAYOUT_PLUS\library\WCON100T.llb
Mon Apr 20 11:28:53 Loaded file C:\PROGRAM FILES\ORCAD\LAYOUT_PLUS\library\XT.llb
Mon Apr 20 11:28:53 Loaded file C:\PROGRAM FILES\ORCAD\LAYOUT_PLUS\library\ZIGZAG.llb
Mon Apr 20 11:28:53 Loaded file C:\PROGRAM FILES\ORCAD\LAYOUT_PLUS\library\BCON100T.llb
Mon Apr 20 11:28:53 Loaded file C:\PROGRAM FILES\ORCAD\LAYOUT_PLUS\library\PCON100T.llb
Mon Apr 20 11:28:53 Loaded file C:\PROGRAM FILES\ORCAD\LIBRARY-DRC\RESISTOR.LLB
Mon Apr 20 11:28:53 Loaded file C:\PROGRAM FILES\ORCAD\LAYOUT_PLUS\library\DIP100T.llb
Mon Apr 20 11:28:53 Loaded file C:\PROGRAM FILES\ORCAD\LAYOUT_PLUS\library\BCON100T.llb
Mon Apr 20 11:28:53 Loaded file C:\PROGRAM FILES\ORCAD\LIBRARY-DRC\CRYSTAL.LLB
Mon Apr 20 11:28:53 Loaded file C:\PROGRAM FILES\ORCAD\LAYOUT_PLUS\library\DIP100T.llb
Mon Apr 20 11:28:53 Loaded file C:\PROGRAM FILES\ORCAD\LAYOUT_PLUS\LIBRARY\USER.LLB
Mon Apr 20 11:28:53 Loaded file C:\PROGRAM FILES\ORCAD\LAYOUT_PLUS\library\DIP100T.llb
Mon Apr 20 11:28:53 Loaded file C:\PROGRAM FILES\ORCAD\LIBRARY-DRC\CONNECTOR.LLB
Mon Apr 20 11:28:53 Loaded file C:\PROGRAM FILES\ORCAD\LAYOUT_PLUS\library\BCON100T.llb
Mon Apr 20 11:28:53 Loaded file C:\PROGRAM FILES\ORCAD\LAYOUT_PLUS\library\DIP100T.llb
Mon Apr 20 11:28:53 Loaded file C:\PROGRAM FILES\ORCAD\LAYOUT_PLUS\library\BCON100T.llb
Mon Apr 20 11:28:53 Loaded file C:\PROGRAM FILES\ORCAD\LAYOUT_PLUS\library\DIP100T.llb
Mon Apr 20 11:28:53 Loaded file C:\PROGRAM FILES\ORCAD\LAYOUT_PLUS\LIBRARY\USER.LLB
Mon Apr 20 11:28:53 Loaded file C:\PROGRAM FILES\ORCAD\LAYOUT_PLUS\LIBRARY\IC.LLB
Mon Apr 20 11:28:53 Loaded file C:\PROGRAM FILES\ORCAD\LIBRARY-DRC\LED.LLB
Mon Apr 20 11:28:53 Loaded file C:\PROGRAM FILES\ORCAD\LIBRARY-DRC\DIOD.LLB
Mon Apr 20 11:29:55 Loaded file C:\Program Files\Orcad\Layout_Plus\data\template.imp
Mon Apr 20 11:29:55 Loaded file C:\Program Files\Orcad\Layout_Plus\data\template.imp
Mon Apr 20 11:29:57 Loaded file C:\PROGRAM FILES\ORCAD\LAYOUT_PLUS\LIBRARY\PADSTACK.LLB
Mon Apr 20 11:29:58 Loaded file C:\PROGRAM FILES\ORCAD\LAYOUT_PLUS\LIBRARY\IC.LLB
Mon Apr 20 11:31:02 Loaded file C:\PROGRAM FILES\ORCAD\LAYOUT_PLUS\data\template.imp
Mon Apr 20 11:31:02 Loaded file C:\PROGRAM FILES\ORCAD\LAYOUT_PLUS\data\template.imp
Mon Apr 20 11:31:08 Loaded file C:\PROGRAM FILES\ORCAD\LAYOUT_PLUS\data\template.imp
Mon Apr 20 11:31:16 Loaded file C:\PROGRAM FILES\ORCAD\LAYOUT_PLUS\library\BCON100T.llb
Mon Apr 20 11:31:16 Saved as file F:\ELECTRONIC\2015\PROJECTS\20.LOW COST RELOAD MACHINE\SCHEMATIC\VER2\SRM.MAX
Mon Apr 20 11:31:16 Loaded file F:\ELECTRONIC\2015\PROJECTS\20.LOW COST RELOAD MACHINE\SCHEMATIC\VER2\SRM.MAX
Mon Apr 20 11:31:27 Error code 5200.306
Mon Apr 20 11:31:27 Saved as file Backup0.max
Mon Apr 20 11:31:27 Windows which were open at time of error:
Mon Apr 20 11:31:27 	ActiveWindow: &Route
Mon Apr 20 11:31:27 	Icon: &Nets
Mon Apr 20 11:31:27 	Icon: Library Manager
Mon Apr 20 11:31:27 	Icon: &Components
Mon Apr 20 11:31:27 	Icon: Post Proces&s
Mon Apr 20 11:31:27 End-of-list
Mon Apr 20 11:31:27 Loaded file BACKUP0.MAX
Mon Apr 20 11:33:52 Saved as file F:\ELECTRONIC\2015\PROJECTS\20.LOW COST RELOAD MACHINE\SCHEMATIC\VER2\SRM.MAX
Mon Apr 20 11:33:52 Saved as file BACKUP1.MAX
Mon Apr 20 11:33:52 Saved as file F:\ELECTRONIC\2015\PROJECTS\20.LOW COST RELOAD MACHINE\SCHEMATIC\VER2\SRM.MAX
Mon Apr 20 11:33:52 UserDiv from Layout.INI for AutoECO: 60
Mon Apr 20 11:33:52 Loaded file F:\ELECTRONIC\2015\PROJECTS\20.LOW COST RELOAD MACHINE\SCHEMATIC\VER2\SRM.MAX
Mon Apr 20 11:33:52 Loaded file C:\PROGRAM FILES\ORCAD\LAYOUT_PLUS\LIBRARY\EMPTY.LLB
Mon Apr 20 11:33:52 Loaded file C:\PROGRAM FILES\ORCAD\LAYOUT_PLUS\LIBRARY\EX_GUI.LLB
Mon Apr 20 11:33:52 Loaded file C:\PROGRAM FILES\ORCAD\LAYOUT_PLUS\LIBRARY\IC.LLB
Mon Apr 20 11:33:52 Loaded file C:\PROGRAM FILES\ORCAD\LAYOUT_PLUS\LIBRARY\METRIC.LLB
Mon Apr 20 11:33:52 Loaded file C:\PROGRAM FILES\ORCAD\LAYOUT_PLUS\LIBRARY\PADSTACK.LLB
Mon Apr 20 11:33:52 Loaded file C:\PROGRAM FILES\ORCAD\LAYOUT_PLUS\LIBRARY\USER.LLB
Mon Apr 20 11:33:52 Loaded file C:\PROGRAM FILES\ORCAD\LIBRARY-DRC\LED.LLB
Mon Apr 20 11:33:52 Loaded file C:\PROGRAM FILES\ORCAD\LIBRARY-DRC\SWITCHES.LLB
Mon Apr 20 11:33:52 Loaded file C:\PROGRAM FILES\ORCAD\LIBRARY-DRC\CONNECTOR.LLB
Mon Apr 20 11:33:52 Loaded file C:\PROGRAM FILES\ORCAD\LIBRARY-DRC\CRYSTAL.LLB
Mon Apr 20 11:33:52 Loaded file C:\PROGRAM FILES\ORCAD\LIBRARY-DRC\DIOD.LLB
Mon Apr 20 11:33:52 Loaded file C:\PROGRAM FILES\ORCAD\LIBRARY-DRC\CAPACITOR.LLB
Mon Apr 20 11:33:52 Loaded file C:\PROGRAM FILES\ORCAD\LIBRARY-DRC\RESISTOR.LLB
Mon Apr 20 11:33:52 Loaded file C:\PROGRAM FILES\ORCAD\LIBRARY-DRC\IC.LLB
Mon Apr 20 11:33:52 Loaded file C:\PROGRAM FILES\ORCAD\LIBRARY-DRC\HEADER.LLB
Mon Apr 20 11:33:52 Loaded file C:\PROGRAM FILES\ORCAD\LAYOUT_PLUS\library\BCON100T.llb
Mon Apr 20 11:33:52 Loaded file C:\PROGRAM FILES\ORCAD\LAYOUT_PLUS\library\BCON156T.llb
Mon Apr 20 11:33:52 Loaded file C:\PROGRAM FILES\ORCAD\LAYOUT_PLUS\library\BGA.llb
Mon Apr 20 11:33:52 Loaded file C:\PROGRAM FILES\ORCAD\LAYOUT_PLUS\library\CLCC.llb
Mon Apr 20 11:33:52 Loaded file C:\PROGRAM FILES\ORCAD\LAYOUT_PLUS\library\DCON050T.llb
Mon Apr 20 11:33:52 Loaded file C:\PROGRAM FILES\ORCAD\LAYOUT_PLUS\library\DCON085T.llb
Mon Apr 20 11:33:52 Loaded file C:\PROGRAM FILES\ORCAD\LAYOUT_PLUS\library\DIMM050F.llb
Mon Apr 20 11:33:52 Loaded file C:\PROGRAM FILES\ORCAD\LAYOUT_PLUS\library\DIMM050T.llb
Mon Apr 20 11:33:52 Loaded file C:\PROGRAM FILES\ORCAD\LAYOUT_PLUS\library\DIN.llb
Mon Apr 20 11:33:52 Loaded file C:\PROGRAM FILES\ORCAD\LAYOUT_PLUS\library\DIP100B.llb
Mon Apr 20 11:33:52 Loaded file C:\PROGRAM FILES\ORCAD\LAYOUT_PLUS\library\DIP100T.llb
Mon Apr 20 11:33:52 Loaded file C:\PROGRAM FILES\ORCAD\LAYOUT_PLUS\library\DSUBT.llb
Mon Apr 20 11:33:52 Loaded file C:\PROGRAM FILES\ORCAD\LAYOUT_PLUS\library\DSUBT_HD.LLB
Mon Apr 20 11:33:52 Loaded file C:\PROGRAM FILES\ORCAD\LAYOUT_PLUS\library\ECON100T.llb
Mon Apr 20 11:33:52 Loaded file C:\PROGRAM FILES\ORCAD\LAYOUT_PLUS\library\FBUS.llb
Mon Apr 20 11:33:52 Loaded file C:\PROGRAM FILES\ORCAD\LAYOUT_PLUS\library\ISA.llb
Mon Apr 20 11:33:52 Loaded file C:\PROGRAM FILES\ORCAD\LAYOUT_PLUS\library\JUMPER.LLB
Mon Apr 20 11:33:52 Loaded file C:\PROGRAM FILES\ORCAD\LAYOUT_PLUS\library\LAYOUT.llb
Mon Apr 20 11:33:52 Loaded file C:\PROGRAM FILES\ORCAD\LAYOUT_PLUS\library\LCON100T.llb
Mon Apr 20 11:33:52 Loaded file C:\PROGRAM FILES\ORCAD\LAYOUT_PLUS\library\PC104.llb
Mon Apr 20 11:33:52 Loaded file C:\PROGRAM FILES\ORCAD\LAYOUT_PLUS\library\PCI.llb
Mon Apr 20 11:33:52 Loaded file C:\PROGRAM FILES\ORCAD\LAYOUT_PLUS\library\PCON100T.llb
Mon Apr 20 11:33:52 Loaded file C:\PROGRAM FILES\ORCAD\LAYOUT_PLUS\library\PCON156T.llb
Mon Apr 20 11:33:52 Loaded file C:\PROGRAM FILES\ORCAD\LAYOUT_PLUS\library\PGA.llb
Mon Apr 20 11:33:52 Loaded file C:\PROGRAM FILES\ORCAD\LAYOUT_PLUS\library\PLCC.llb
Mon Apr 20 11:33:52 Loaded file C:\PROGRAM FILES\ORCAD\LAYOUT_PLUS\library\QUAD.llb
Mon Apr 20 11:33:52 Loaded file C:\PROGRAM FILES\ORCAD\LAYOUT_PLUS\library\QUADB.llb
Mon Apr 20 11:33:52 Loaded file C:\PROGRAM FILES\ORCAD\LAYOUT_PLUS\library\RELAY.llb
Mon Apr 20 11:33:52 Loaded file C:\PROGRAM FILES\ORCAD\LAYOUT_PLUS\library\RF.llb
Mon Apr 20 11:33:52 Loaded file C:\PROGRAM FILES\ORCAD\LAYOUT_PLUS\library\SBUS.llb
Mon Apr 20 11:33:52 Loaded file C:\PROGRAM FILES\ORCAD\LAYOUT_PLUS\library\SIMM050F.llb
Mon Apr 20 11:33:52 Loaded file C:\PROGRAM FILES\ORCAD\LAYOUT_PLUS\library\SIMM050T.llb
Mon Apr 20 11:33:52 Loaded file C:\PROGRAM FILES\ORCAD\LAYOUT_PLUS\library\SIMM100F.llb
Mon Apr 20 11:33:52 Loaded file C:\PROGRAM FILES\ORCAD\LAYOUT_PLUS\library\SIMM100T.llb
Mon Apr 20 11:33:52 Loaded file C:\PROGRAM FILES\ORCAD\LAYOUT_PLUS\library\SIP.llb
Mon Apr 20 11:33:52 Loaded file C:\PROGRAM FILES\ORCAD\LAYOUT_PLUS\library\SM.llb
Mon Apr 20 11:33:52 Loaded file C:\PROGRAM FILES\ORCAD\LAYOUT_PLUS\library\SOG.llb
Mon Apr 20 11:33:52 Loaded file C:\PROGRAM FILES\ORCAD\LAYOUT_PLUS\library\SOJ.llb
Mon Apr 20 11:33:52 Loaded file C:\PROGRAM FILES\ORCAD\LAYOUT_PLUS\library\STIFF.llb
Mon Apr 20 11:33:52 Loaded file C:\PROGRAM FILES\ORCAD\LAYOUT_PLUS\library\TELE.llb
Mon Apr 20 11:33:52 Loaded file C:\PROGRAM FILES\ORCAD\LAYOUT_PLUS\library\TM_AXIAL.llb
Mon Apr 20 11:33:52 Loaded file C:\PROGRAM FILES\ORCAD\LAYOUT_PLUS\library\TM_CAP_P.llb
Mon Apr 20 11:33:52 Loaded file C:\PROGRAM FILES\ORCAD\LAYOUT_PLUS\library\TM_CYLND.llb
Mon Apr 20 11:33:52 Loaded file C:\PROGRAM FILES\ORCAD\LAYOUT_PLUS\library\TM_DIODE.llb
Mon Apr 20 11:33:52 Loaded file C:\PROGRAM FILES\ORCAD\LAYOUT_PLUS\library\TM_DISC.llb
Mon Apr 20 11:33:52 Loaded file C:\PROGRAM FILES\ORCAD\LAYOUT_PLUS\library\TM_RAD.llb
Mon Apr 20 11:33:52 Loaded file C:\PROGRAM FILES\ORCAD\LAYOUT_PLUS\library\TO.llb
Mon Apr 20 11:33:52 Loaded file C:\PROGRAM FILES\ORCAD\LAYOUT_PLUS\library\TRAINING.LLB
Mon Apr 20 11:33:52 Loaded file C:\PROGRAM FILES\ORCAD\LAYOUT_PLUS\library\VRES.llb
Mon Apr 20 11:33:52 Loaded file C:\PROGRAM FILES\ORCAD\LAYOUT_PLUS\library\WCON100T.llb
Mon Apr 20 11:33:52 Loaded file C:\PROGRAM FILES\ORCAD\LAYOUT_PLUS\library\XT.llb
Mon Apr 20 11:33:52 Loaded file C:\PROGRAM FILES\ORCAD\LAYOUT_PLUS\library\ZIGZAG.llb
Mon Apr 20 11:33:52 Loaded file C:\PROGRAM FILES\ORCAD\LAYOUT_PLUS\library\BCON100T.llb
Mon Apr 20 11:33:52 Loaded file C:\PROGRAM FILES\ORCAD\LAYOUT_PLUS\library\PCON100T.llb
Mon Apr 20 11:33:52 Loaded file C:\PROGRAM FILES\ORCAD\LIBRARY-DRC\RESISTOR.LLB
Mon Apr 20 11:33:52 Loaded file C:\PROGRAM FILES\ORCAD\LAYOUT_PLUS\library\DIP100T.llb
Mon Apr 20 11:33:52 Loaded file C:\PROGRAM FILES\ORCAD\LAYOUT_PLUS\library\BCON100T.llb
Mon Apr 20 11:33:52 Loaded file C:\PROGRAM FILES\ORCAD\LIBRARY-DRC\CRYSTAL.LLB
Mon Apr 20 11:33:52 Loaded file C:\PROGRAM FILES\ORCAD\LAYOUT_PLUS\library\DIP100T.llb
Mon Apr 20 11:33:52 Loaded file C:\PROGRAM FILES\ORCAD\LAYOUT_PLUS\LIBRARY\USER.LLB
Mon Apr 20 11:33:52 Loaded file C:\PROGRAM FILES\ORCAD\LAYOUT_PLUS\library\DIP100T.llb
Mon Apr 20 11:33:52 Loaded file C:\PROGRAM FILES\ORCAD\LIBRARY-DRC\CONNECTOR.LLB
Mon Apr 20 11:33:52 Loaded file C:\PROGRAM FILES\ORCAD\LAYOUT_PLUS\library\BCON100T.llb
Mon Apr 20 11:33:52 Loaded file C:\PROGRAM FILES\ORCAD\LAYOUT_PLUS\library\DIP100T.llb
Mon Apr 20 11:33:52 Loaded file C:\PROGRAM FILES\ORCAD\LAYOUT_PLUS\library\BCON100T.llb
Mon Apr 20 11:33:52 Loaded file C:\PROGRAM FILES\ORCAD\LAYOUT_PLUS\library\DIP100T.llb
Mon Apr 20 11:33:52 Loaded file C:\PROGRAM FILES\ORCAD\LAYOUT_PLUS\LIBRARY\USER.LLB
Mon Apr 20 11:33:52 Loaded file C:\PROGRAM FILES\ORCAD\LAYOUT_PLUS\LIBRARY\IC.LLB
Mon Apr 20 11:33:52 Loaded file C:\PROGRAM FILES\ORCAD\LIBRARY-DRC\LED.LLB
Mon Apr 20 11:33:52 Loaded file C:\PROGRAM FILES\ORCAD\LIBRARY-DRC\DIOD.LLB
Mon Apr 20 11:33:52 Saved as file F:\ELECTRONIC\2015\PROJECTS\20.LOW COST RELOAD MACHINE\SCHEMATIC\VER2\SRM.MAX
Mon Apr 20 11:33:52 Loaded file F:\ELECTRONIC\2015\PROJECTS\20.LOW COST RELOAD MACHINE\SCHEMATIC\VER2\SRM.MAX
Mon Apr 20 11:42:28 Saved as file BACKUP1.MAX
Mon Apr 20 11:42:29 Saved as file PLACE1.MAX
Mon Apr 20 11:42:31 Saved as file PLACE2.MAX
Mon Apr 20 11:42:40 Saved as file PLACE3.MAX
Mon Apr 20 11:42:43 Saved as file PLACE4.MAX
Mon Apr 20 11:42:45 Saved as file PLACE5.MAX
Mon Apr 20 11:42:48 Batch place completed in 00:00:20
Mon Apr 20 11:43:03 Saved as file BACKUP1.MAX
Mon Apr 20 11:43:06 Saved as file BACKUP1.MAX
Mon Apr 20 11:43:06 Routed 6 connections in 5 seconds.
Mon Apr 20 11:43:06 Total is now 6 out of 160 (3%).
Mon Apr 20 11:43:06 Saved as file SWEEP1.MAX
Mon Apr 20 11:43:18 Error code 2157.218 (733)
Mon Apr 20 11:43:18 Saved as file Backup0.max
Mon Apr 20 11:43:18 Windows which were open at time of error:
Mon Apr 20 11:43:18 	ActiveWindow: &Route
Mon Apr 20 11:43:18 	Icon: &Components
Mon Apr 20 11:43:18 	Icon: &Nets
Mon Apr 20 11:43:18 	Icon: Post Proces&s
Mon Apr 20 11:43:18 End-of-list
Mon Apr 20 11:43:18 Loaded file BACKUP0.MAX
Mon Apr 20 11:43:31 Saved as file BACKUP1.MAX
Mon Apr 20 11:43:32 Saved as file BACKUP1.MAX
Mon Apr 20 11:43:32 Saved as file BACKUP1.MAX
Mon Apr 20 11:43:43 Saved as file BACKUP1.MAX
Mon Apr 20 11:43:44 Saved as file BACKUP1.MAX
Mon Apr 20 11:43:44 Saved as file BACKUP1.MAX
Mon Apr 20 11:43:44 Routed 84 connections in 23 seconds.
Mon Apr 20 11:43:44 Total is now 128 out of 160 (80%).
Mon Apr 20 11:43:44 Saved as file SWEEP2.MAX
Mon Apr 20 11:44:15 Routed 4 connections in 30 seconds.
Mon Apr 20 11:44:15 Total is now 132 out of 160 (82%).
Mon Apr 20 11:44:15 Saved as file SWEEP3.MAX
Mon Apr 20 11:47:41 Routed 3 connections in  3.4 minutes.
Mon Apr 20 11:47:41 Total is now 133 out of 160 (83%).
Mon Apr 20 11:47:41 Saved as file SWEEP4.MAX
Mon Apr 20 11:49:44 Error code 2157.218 (733)
Mon Apr 20 11:49:44 Saved as file Backup0.max
Mon Apr 20 11:49:44 Windows which were open at time of error:
Mon Apr 20 11:49:44 	ActiveWindow: &Route
Mon Apr 20 11:49:44 	Icon: &Components
Mon Apr 20 11:49:44 	Icon: &Nets
Mon Apr 20 11:49:44 	Icon: Post Proces&s
Mon Apr 20 11:49:44 End-of-list
Mon Apr 20 11:49:45 Loaded file BACKUP0.MAX
Mon Apr 20 11:54:10 Error code 2157.218 (733)
Mon Apr 20 11:54:10 Saved as file Backup0.max
Mon Apr 20 11:54:10 Windows which were open at time of error:
Mon Apr 20 11:54:10 	ActiveWindow: &Route
Mon Apr 20 11:54:10 	Icon: &Components
Mon Apr 20 11:54:10 	Icon: &Nets
Mon Apr 20 11:54:10 	Icon: Post Proces&s
Mon Apr 20 11:54:10 End-of-list
Mon Apr 20 11:54:11 Loaded file BACKUP0.MAX
Mon Apr 20 11:57:56 Error code 2157.218 (733)
Mon Apr 20 11:57:56 Saved as file Backup0.max
Mon Apr 20 11:57:56 Windows which were open at time of error:
Mon Apr 20 11:57:56 	ActiveWindow: &Route
Mon Apr 20 11:57:56 	Icon: &Components
Mon Apr 20 11:57:56 	Icon: &Nets
Mon Apr 20 11:57:56 	Icon: Post Proces&s
Mon Apr 20 11:57:56 End-of-list
Mon Apr 20 11:57:58 Loaded file BACKUP0.MAX
Mon Apr 20 12:05:06 Error code 2157.218 (733)
Mon Apr 20 12:05:06 Saved as file Backup0.max
Mon Apr 20 12:05:06 Windows which were open at time of error:
Mon Apr 20 12:05:06 	ActiveWindow: &Route
Mon Apr 20 12:05:06 	Icon: &Components
Mon Apr 20 12:05:06 	Icon: &Nets
Mon Apr 20 12:05:06 	Icon: Post Proces&s
Mon Apr 20 12:05:06 End-of-list
Mon Apr 20 12:05:08 Loaded file BACKUP0.MAX
Mon Apr 20 12:26:52 Error code 2157.218 (733)
Mon Apr 20 12:26:52 Saved as file Backup0.max
Mon Apr 20 12:26:52 Windows which were open at time of error:
Mon Apr 20 12:26:52 	ActiveWindow: &Route
Mon Apr 20 12:26:52 	Icon: &Components
Mon Apr 20 12:26:52 	Icon: &Nets
Mon Apr 20 12:26:52 	Icon: Post Proces&s
Mon Apr 20 12:26:52 End-of-list
Mon Apr 20 12:26:54 Loaded file BACKUP0.MAX
Mon Apr 20 12:37:25 Error code 2157.218 (733)
Mon Apr 20 12:37:25 Saved as file Backup0.max
Mon Apr 20 12:37:25 Windows which were open at time of error:
Mon Apr 20 12:37:25 	ActiveWindow: &Route
Mon Apr 20 12:37:25 	Icon: &Components
Mon Apr 20 12:37:25 	Icon: &Nets
Mon Apr 20 12:37:25 	Icon: Post Proces&s
Mon Apr 20 12:37:25 End-of-list
Mon Apr 20 12:37:26 Loaded file BACKUP0.MAX
Mon Apr 20 12:40:59 Error code 2167.011 (94)
Mon Apr 20 12:40:59 Saved as file Backup0.max
Mon Apr 20 12:40:59 Windows which were open at time of error:
Mon Apr 20 12:40:59 	ActiveWindow: &Route
Mon Apr 20 12:40:59 	Icon: &Components
Mon Apr 20 12:40:59 	Icon: &Nets
Mon Apr 20 12:40:59 	Icon: Post Proces&s
Mon Apr 20 12:40:59 End-of-list
Mon Apr 20 12:41:01 Loaded file BACKUP0.MAX
Mon Apr 20 12:41:59 Saved as file BACKUP1.MAX
Mon Apr 20 12:41:59 Batch place completed in 00:00:00
Mon Apr 20 12:42:26 Saved as file BACKUP1.MAX
Mon Apr 20 12:42:26 Batch place completed in 00:00:00
Mon Apr 20 12:42:50 Saved as file BACKUP1.MAX
Mon Apr 20 12:42:50 Batch place completed in 00:00:00
Mon Apr 20 12:43:48 Saved as file F:\ELECTRONIC\2015\PROJECTS\20.LOW COST RELOAD MACHINE\SCHEMATIC\VER2\SRM.MAX
Mon Apr 20 12:43:48 Saved as file BACKUP1.MAX
Mon Apr 20 12:43:48 Saved as file F:\ELECTRONIC\2015\PROJECTS\20.LOW COST RELOAD MACHINE\SCHEMATIC\VER2\SRM.MAX
Mon Apr 20 12:43:49 UserDiv from Layout.INI for AutoECO: 60
Mon Apr 20 12:43:49 Loaded file F:\ELECTRONIC\2015\PROJECTS\20.LOW COST RELOAD MACHINE\SCHEMATIC\VER2\SRM.MAX
Mon Apr 20 12:43:49 Loaded file C:\PROGRAM FILES\ORCAD\LAYOUT_PLUS\LIBRARY\EMPTY.LLB
Mon Apr 20 12:43:49 Loaded file C:\PROGRAM FILES\ORCAD\LAYOUT_PLUS\LIBRARY\EX_GUI.LLB
Mon Apr 20 12:43:49 Loaded file C:\PROGRAM FILES\ORCAD\LAYOUT_PLUS\LIBRARY\IC.LLB
Mon Apr 20 12:43:49 Loaded file C:\PROGRAM FILES\ORCAD\LAYOUT_PLUS\LIBRARY\METRIC.LLB
Mon Apr 20 12:43:49 Loaded file C:\PROGRAM FILES\ORCAD\LAYOUT_PLUS\LIBRARY\PADSTACK.LLB
Mon Apr 20 12:43:49 Loaded file C:\PROGRAM FILES\ORCAD\LAYOUT_PLUS\LIBRARY\USER.LLB
Mon Apr 20 12:43:49 Loaded file C:\PROGRAM FILES\ORCAD\LIBRARY-DRC\LED.LLB
Mon Apr 20 12:43:49 Loaded file C:\PROGRAM FILES\ORCAD\LIBRARY-DRC\SWITCHES.LLB
Mon Apr 20 12:43:49 Loaded file C:\PROGRAM FILES\ORCAD\LIBRARY-DRC\CONNECTOR.LLB
Mon Apr 20 12:43:49 Loaded file C:\PROGRAM FILES\ORCAD\LIBRARY-DRC\CRYSTAL.LLB
Mon Apr 20 12:43:49 Loaded file C:\PROGRAM FILES\ORCAD\LIBRARY-DRC\DIOD.LLB
Mon Apr 20 12:43:49 Loaded file C:\PROGRAM FILES\ORCAD\LIBRARY-DRC\CAPACITOR.LLB
Mon Apr 20 12:43:49 Loaded file C:\PROGRAM FILES\ORCAD\LIBRARY-DRC\RESISTOR.LLB
Mon Apr 20 12:43:49 Loaded file C:\PROGRAM FILES\ORCAD\LIBRARY-DRC\IC.LLB
Mon Apr 20 12:43:49 Loaded file C:\PROGRAM FILES\ORCAD\LIBRARY-DRC\HEADER.LLB
Mon Apr 20 12:43:49 Loaded file C:\PROGRAM FILES\ORCAD\LAYOUT_PLUS\library\BCON100T.llb
Mon Apr 20 12:43:49 Loaded file C:\PROGRAM FILES\ORCAD\LAYOUT_PLUS\library\BCON156T.llb
Mon Apr 20 12:43:49 Loaded file C:\PROGRAM FILES\ORCAD\LAYOUT_PLUS\library\BGA.llb
Mon Apr 20 12:43:49 Loaded file C:\PROGRAM FILES\ORCAD\LAYOUT_PLUS\library\CLCC.llb
Mon Apr 20 12:43:49 Loaded file C:\PROGRAM FILES\ORCAD\LAYOUT_PLUS\library\DCON050T.llb
Mon Apr 20 12:43:49 Loaded file C:\PROGRAM FILES\ORCAD\LAYOUT_PLUS\library\DCON085T.llb
Mon Apr 20 12:43:49 Loaded file C:\PROGRAM FILES\ORCAD\LAYOUT_PLUS\library\DIMM050F.llb
Mon Apr 20 12:43:49 Loaded file C:\PROGRAM FILES\ORCAD\LAYOUT_PLUS\library\DIMM050T.llb
Mon Apr 20 12:43:49 Loaded file C:\PROGRAM FILES\ORCAD\LAYOUT_PLUS\library\DIN.llb
Mon Apr 20 12:43:49 Loaded file C:\PROGRAM FILES\ORCAD\LAYOUT_PLUS\library\DIP100B.llb
Mon Apr 20 12:43:49 Loaded file C:\PROGRAM FILES\ORCAD\LAYOUT_PLUS\library\DIP100T.llb
Mon Apr 20 12:43:49 Loaded file C:\PROGRAM FILES\ORCAD\LAYOUT_PLUS\library\DSUBT.llb
Mon Apr 20 12:43:49 Loaded file C:\PROGRAM FILES\ORCAD\LAYOUT_PLUS\library\DSUBT_HD.LLB
Mon Apr 20 12:43:49 Loaded file C:\PROGRAM FILES\ORCAD\LAYOUT_PLUS\library\ECON100T.llb
Mon Apr 20 12:43:49 Loaded file C:\PROGRAM FILES\ORCAD\LAYOUT_PLUS\library\FBUS.llb
Mon Apr 20 12:43:49 Loaded file C:\PROGRAM FILES\ORCAD\LAYOUT_PLUS\library\ISA.llb
Mon Apr 20 12:43:49 Loaded file C:\PROGRAM FILES\ORCAD\LAYOUT_PLUS\library\JUMPER.LLB
Mon Apr 20 12:43:49 Loaded file C:\PROGRAM FILES\ORCAD\LAYOUT_PLUS\library\LAYOUT.llb
Mon Apr 20 12:43:49 Loaded file C:\PROGRAM FILES\ORCAD\LAYOUT_PLUS\library\LCON100T.llb
Mon Apr 20 12:43:49 Loaded file C:\PROGRAM FILES\ORCAD\LAYOUT_PLUS\library\PC104.llb
Mon Apr 20 12:43:49 Loaded file C:\PROGRAM FILES\ORCAD\LAYOUT_PLUS\library\PCI.llb
Mon Apr 20 12:43:49 Loaded file C:\PROGRAM FILES\ORCAD\LAYOUT_PLUS\library\PCON100T.llb
Mon Apr 20 12:43:49 Loaded file C:\PROGRAM FILES\ORCAD\LAYOUT_PLUS\library\PCON156T.llb
Mon Apr 20 12:43:49 Loaded file C:\PROGRAM FILES\ORCAD\LAYOUT_PLUS\library\PGA.llb
Mon Apr 20 12:43:49 Loaded file C:\PROGRAM FILES\ORCAD\LAYOUT_PLUS\library\PLCC.llb
Mon Apr 20 12:43:49 Loaded file C:\PROGRAM FILES\ORCAD\LAYOUT_PLUS\library\QUAD.llb
Mon Apr 20 12:43:49 Loaded file C:\PROGRAM FILES\ORCAD\LAYOUT_PLUS\library\QUADB.llb
Mon Apr 20 12:43:49 Loaded file C:\PROGRAM FILES\ORCAD\LAYOUT_PLUS\library\RELAY.llb
Mon Apr 20 12:43:49 Loaded file C:\PROGRAM FILES\ORCAD\LAYOUT_PLUS\library\RF.llb
Mon Apr 20 12:43:49 Loaded file C:\PROGRAM FILES\ORCAD\LAYOUT_PLUS\library\SBUS.llb
Mon Apr 20 12:43:49 Loaded file C:\PROGRAM FILES\ORCAD\LAYOUT_PLUS\library\SIMM050F.llb
Mon Apr 20 12:43:49 Loaded file C:\PROGRAM FILES\ORCAD\LAYOUT_PLUS\library\SIMM050T.llb
Mon Apr 20 12:43:49 Loaded file C:\PROGRAM FILES\ORCAD\LAYOUT_PLUS\library\SIMM100F.llb
Mon Apr 20 12:43:49 Loaded file C:\PROGRAM FILES\ORCAD\LAYOUT_PLUS\library\SIMM100T.llb
Mon Apr 20 12:43:49 Loaded file C:\PROGRAM FILES\ORCAD\LAYOUT_PLUS\library\SIP.llb
Mon Apr 20 12:43:49 Loaded file C:\PROGRAM FILES\ORCAD\LAYOUT_PLUS\library\SM.llb
Mon Apr 20 12:43:49 Loaded file C:\PROGRAM FILES\ORCAD\LAYOUT_PLUS\library\SOG.llb
Mon Apr 20 12:43:49 Loaded file C:\PROGRAM FILES\ORCAD\LAYOUT_PLUS\library\SOJ.llb
Mon Apr 20 12:43:49 Loaded file C:\PROGRAM FILES\ORCAD\LAYOUT_PLUS\library\STIFF.llb
Mon Apr 20 12:43:49 Loaded file C:\PROGRAM FILES\ORCAD\LAYOUT_PLUS\library\TELE.llb
Mon Apr 20 12:43:49 Loaded file C:\PROGRAM FILES\ORCAD\LAYOUT_PLUS\library\TM_AXIAL.llb
Mon Apr 20 12:43:49 Loaded file C:\PROGRAM FILES\ORCAD\LAYOUT_PLUS\library\TM_CAP_P.llb
Mon Apr 20 12:43:49 Loaded file C:\PROGRAM FILES\ORCAD\LAYOUT_PLUS\library\TM_CYLND.llb
Mon Apr 20 12:43:49 Loaded file C:\PROGRAM FILES\ORCAD\LAYOUT_PLUS\library\TM_DIODE.llb
Mon Apr 20 12:43:49 Loaded file C:\PROGRAM FILES\ORCAD\LAYOUT_PLUS\library\TM_DISC.llb
Mon Apr 20 12:43:49 Loaded file C:\PROGRAM FILES\ORCAD\LAYOUT_PLUS\library\TM_RAD.llb
Mon Apr 20 12:43:50 Loaded file C:\PROGRAM FILES\ORCAD\LAYOUT_PLUS\library\TO.llb
Mon Apr 20 12:43:50 Loaded file C:\PROGRAM FILES\ORCAD\LAYOUT_PLUS\library\TRAINING.LLB
Mon Apr 20 12:43:50 Loaded file C:\PROGRAM FILES\ORCAD\LAYOUT_PLUS\library\VRES.llb
Mon Apr 20 12:43:50 Loaded file C:\PROGRAM FILES\ORCAD\LAYOUT_PLUS\library\WCON100T.llb
Mon Apr 20 12:43:50 Loaded file C:\PROGRAM FILES\ORCAD\LAYOUT_PLUS\library\XT.llb
Mon Apr 20 12:43:50 Loaded file C:\PROGRAM FILES\ORCAD\LAYOUT_PLUS\library\ZIGZAG.llb
Mon Apr 20 12:43:50 Loaded file C:\PROGRAM FILES\ORCAD\LAYOUT_PLUS\library\BCON100T.llb
Mon Apr 20 12:43:50 Loaded file C:\PROGRAM FILES\ORCAD\LAYOUT_PLUS\library\PCON100T.llb
Mon Apr 20 12:43:50 Loaded file C:\PROGRAM FILES\ORCAD\LIBRARY-DRC\RESISTOR.LLB
Mon Apr 20 12:43:50 Loaded file C:\PROGRAM FILES\ORCAD\LAYOUT_PLUS\library\DIP100T.llb
Mon Apr 20 12:43:50 Loaded file C:\PROGRAM FILES\ORCAD\LAYOUT_PLUS\library\BCON100T.llb
Mon Apr 20 12:43:50 Loaded file C:\PROGRAM FILES\ORCAD\LIBRARY-DRC\CRYSTAL.LLB
Mon Apr 20 12:43:50 Loaded file C:\PROGRAM FILES\ORCAD\LAYOUT_PLUS\library\DIP100T.llb
Mon Apr 20 12:43:50 Loaded file C:\PROGRAM FILES\ORCAD\LAYOUT_PLUS\LIBRARY\USER.LLB
Mon Apr 20 12:43:50 Loaded file C:\PROGRAM FILES\ORCAD\LAYOUT_PLUS\library\DIP100T.llb
Mon Apr 20 12:43:50 Loaded file C:\PROGRAM FILES\ORCAD\LIBRARY-DRC\CONNECTOR.LLB
Mon Apr 20 12:43:50 Loaded file C:\PROGRAM FILES\ORCAD\LAYOUT_PLUS\library\BCON100T.llb
Mon Apr 20 12:43:50 Loaded file C:\PROGRAM FILES\ORCAD\LAYOUT_PLUS\library\DIP100T.llb
Mon Apr 20 12:43:50 Loaded file C:\PROGRAM FILES\ORCAD\LAYOUT_PLUS\library\BCON100T.llb
Mon Apr 20 12:43:50 Loaded file C:\PROGRAM FILES\ORCAD\LAYOUT_PLUS\library\DIP100T.llb
Mon Apr 20 12:43:50 Loaded file C:\PROGRAM FILES\ORCAD\LAYOUT_PLUS\LIBRARY\USER.LLB
Mon Apr 20 12:43:50 Loaded file C:\PROGRAM FILES\ORCAD\LAYOUT_PLUS\LIBRARY\IC.LLB
Mon Apr 20 12:43:50 Loaded file C:\PROGRAM FILES\ORCAD\LIBRARY-DRC\LED.LLB
Mon Apr 20 12:43:50 Loaded file C:\PROGRAM FILES\ORCAD\LIBRARY-DRC\DIOD.LLB
Mon Apr 20 12:43:50 Saved as file F:\ELECTRONIC\2015\PROJECTS\20.LOW COST RELOAD MACHINE\SCHEMATIC\VER2\SRM.MAX
Mon Apr 20 12:43:50 Loaded file F:\ELECTRONIC\2015\PROJECTS\20.LOW COST RELOAD MACHINE\SCHEMATIC\VER2\SRM.MAX
Mon Apr 20 12:43:52 Saved as file Backup0.max
Mon Apr 20 12:43:52 Windows which were open at time of error:
Mon Apr 20 12:43:52 	ActiveWindow: &Components
Mon Apr 20 12:43:52 	Icon: &Nets
Mon Apr 20 12:43:52 	Icon: Post Proces&s
Mon Apr 20 12:43:52 	Icon: &Place
Mon Apr 20 12:43:52 End-of-list
Mon Apr 20 12:43:54 Loaded file BACKUP0.MAX
Mon Apr 20 12:44:53 Saved as file F:\ELECTRONIC\2015\PROJECTS\20.LOW COST RELOAD MACHINE\SCHEMATIC\VER2\SRM.MAX
Mon Apr 20 12:44:53 Saved as file BACKUP1.MAX
Mon Apr 20 12:44:53 Saved as file F:\ELECTRONIC\2015\PROJECTS\20.LOW COST RELOAD MACHINE\SCHEMATIC\VER2\SRM.MAX
Mon Apr 20 12:44:54 UserDiv from Layout.INI for AutoECO: 60
Mon Apr 20 12:44:54 Loaded file F:\ELECTRONIC\2015\PROJECTS\20.LOW COST RELOAD MACHINE\SCHEMATIC\VER2\SRM.MAX
Mon Apr 20 12:44:54 Loaded file C:\PROGRAM FILES\ORCAD\LAYOUT_PLUS\LIBRARY\EMPTY.LLB
Mon Apr 20 12:44:54 Loaded file C:\PROGRAM FILES\ORCAD\LAYOUT_PLUS\LIBRARY\EX_GUI.LLB
Mon Apr 20 12:44:54 Loaded file C:\PROGRAM FILES\ORCAD\LAYOUT_PLUS\LIBRARY\IC.LLB
Mon Apr 20 12:44:54 Loaded file C:\PROGRAM FILES\ORCAD\LAYOUT_PLUS\LIBRARY\METRIC.LLB
Mon Apr 20 12:44:54 Loaded file C:\PROGRAM FILES\ORCAD\LAYOUT_PLUS\LIBRARY\PADSTACK.LLB
Mon Apr 20 12:44:54 Loaded file C:\PROGRAM FILES\ORCAD\LAYOUT_PLUS\LIBRARY\USER.LLB
Mon Apr 20 12:44:54 Loaded file C:\PROGRAM FILES\ORCAD\LIBRARY-DRC\LED.LLB
Mon Apr 20 12:44:54 Loaded file C:\PROGRAM FILES\ORCAD\LIBRARY-DRC\SWITCHES.LLB
Mon Apr 20 12:44:54 Loaded file C:\PROGRAM FILES\ORCAD\LIBRARY-DRC\CONNECTOR.LLB
Mon Apr 20 12:44:54 Loaded file C:\PROGRAM FILES\ORCAD\LIBRARY-DRC\CRYSTAL.LLB
Mon Apr 20 12:44:54 Loaded file C:\PROGRAM FILES\ORCAD\LIBRARY-DRC\DIOD.LLB
Mon Apr 20 12:44:54 Loaded file C:\PROGRAM FILES\ORCAD\LIBRARY-DRC\CAPACITOR.LLB
Mon Apr 20 12:44:54 Loaded file C:\PROGRAM FILES\ORCAD\LIBRARY-DRC\RESISTOR.LLB
Mon Apr 20 12:44:54 Loaded file C:\PROGRAM FILES\ORCAD\LIBRARY-DRC\IC.LLB
Mon Apr 20 12:44:54 Loaded file C:\PROGRAM FILES\ORCAD\LIBRARY-DRC\HEADER.LLB
Mon Apr 20 12:44:54 Loaded file C:\PROGRAM FILES\ORCAD\LAYOUT_PLUS\library\BCON100T.llb
Mon Apr 20 12:44:54 Loaded file C:\PROGRAM FILES\ORCAD\LAYOUT_PLUS\library\BCON156T.llb
Mon Apr 20 12:44:54 Loaded file C:\PROGRAM FILES\ORCAD\LAYOUT_PLUS\library\BGA.llb
Mon Apr 20 12:44:54 Loaded file C:\PROGRAM FILES\ORCAD\LAYOUT_PLUS\library\CLCC.llb
Mon Apr 20 12:44:54 Loaded file C:\PROGRAM FILES\ORCAD\LAYOUT_PLUS\library\DCON050T.llb
Mon Apr 20 12:44:54 Loaded file C:\PROGRAM FILES\ORCAD\LAYOUT_PLUS\library\DCON085T.llb
Mon Apr 20 12:44:54 Loaded file C:\PROGRAM FILES\ORCAD\LAYOUT_PLUS\library\DIMM050F.llb
Mon Apr 20 12:44:54 Loaded file C:\PROGRAM FILES\ORCAD\LAYOUT_PLUS\library\DIMM050T.llb
Mon Apr 20 12:44:54 Loaded file C:\PROGRAM FILES\ORCAD\LAYOUT_PLUS\library\DIN.llb
Mon Apr 20 12:44:54 Loaded file C:\PROGRAM FILES\ORCAD\LAYOUT_PLUS\library\DIP100B.llb
Mon Apr 20 12:44:54 Loaded file C:\PROGRAM FILES\ORCAD\LAYOUT_PLUS\library\DIP100T.llb
Mon Apr 20 12:44:54 Loaded file C:\PROGRAM FILES\ORCAD\LAYOUT_PLUS\library\DSUBT.llb
Mon Apr 20 12:44:54 Loaded file C:\PROGRAM FILES\ORCAD\LAYOUT_PLUS\library\DSUBT_HD.LLB
Mon Apr 20 12:44:54 Loaded file C:\PROGRAM FILES\ORCAD\LAYOUT_PLUS\library\ECON100T.llb
Mon Apr 20 12:44:54 Loaded file C:\PROGRAM FILES\ORCAD\LAYOUT_PLUS\library\FBUS.llb
Mon Apr 20 12:44:54 Loaded file C:\PROGRAM FILES\ORCAD\LAYOUT_PLUS\library\ISA.llb
Mon Apr 20 12:44:54 Loaded file C:\PROGRAM FILES\ORCAD\LAYOUT_PLUS\library\JUMPER.LLB
Mon Apr 20 12:44:54 Loaded file C:\PROGRAM FILES\ORCAD\LAYOUT_PLUS\library\LAYOUT.llb
Mon Apr 20 12:44:54 Loaded file C:\PROGRAM FILES\ORCAD\LAYOUT_PLUS\library\LCON100T.llb
Mon Apr 20 12:44:54 Loaded file C:\PROGRAM FILES\ORCAD\LAYOUT_PLUS\library\PC104.llb
Mon Apr 20 12:44:54 Loaded file C:\PROGRAM FILES\ORCAD\LAYOUT_PLUS\library\PCI.llb
Mon Apr 20 12:44:54 Loaded file C:\PROGRAM FILES\ORCAD\LAYOUT_PLUS\library\PCON100T.llb
Mon Apr 20 12:44:54 Loaded file C:\PROGRAM FILES\ORCAD\LAYOUT_PLUS\library\PCON156T.llb
Mon Apr 20 12:44:54 Loaded file C:\PROGRAM FILES\ORCAD\LAYOUT_PLUS\library\PGA.llb
Mon Apr 20 12:44:54 Loaded file C:\PROGRAM FILES\ORCAD\LAYOUT_PLUS\library\PLCC.llb
Mon Apr 20 12:44:54 Loaded file C:\PROGRAM FILES\ORCAD\LAYOUT_PLUS\library\QUAD.llb
Mon Apr 20 12:44:54 Loaded file C:\PROGRAM FILES\ORCAD\LAYOUT_PLUS\library\QUADB.llb
Mon Apr 20 12:44:54 Loaded file C:\PROGRAM FILES\ORCAD\LAYOUT_PLUS\library\RELAY.llb
Mon Apr 20 12:44:54 Loaded file C:\PROGRAM FILES\ORCAD\LAYOUT_PLUS\library\RF.llb
Mon Apr 20 12:44:54 Loaded file C:\PROGRAM FILES\ORCAD\LAYOUT_PLUS\library\SBUS.llb
Mon Apr 20 12:44:54 Loaded file C:\PROGRAM FILES\ORCAD\LAYOUT_PLUS\library\SIMM050F.llb
Mon Apr 20 12:44:54 Loaded file C:\PROGRAM FILES\ORCAD\LAYOUT_PLUS\library\SIMM050T.llb
Mon Apr 20 12:44:54 Loaded file C:\PROGRAM FILES\ORCAD\LAYOUT_PLUS\library\SIMM100F.llb
Mon Apr 20 12:44:54 Loaded file C:\PROGRAM FILES\ORCAD\LAYOUT_PLUS\library\SIMM100T.llb
Mon Apr 20 12:44:54 Loaded file C:\PROGRAM FILES\ORCAD\LAYOUT_PLUS\library\SIP.llb
Mon Apr 20 12:44:54 Loaded file C:\PROGRAM FILES\ORCAD\LAYOUT_PLUS\library\SM.llb
Mon Apr 20 12:44:54 Loaded file C:\PROGRAM FILES\ORCAD\LAYOUT_PLUS\library\SOG.llb
Mon Apr 20 12:44:54 Loaded file C:\PROGRAM FILES\ORCAD\LAYOUT_PLUS\library\SOJ.llb
Mon Apr 20 12:44:54 Loaded file C:\PROGRAM FILES\ORCAD\LAYOUT_PLUS\library\STIFF.llb
Mon Apr 20 12:44:54 Loaded file C:\PROGRAM FILES\ORCAD\LAYOUT_PLUS\library\TELE.llb
Mon Apr 20 12:44:54 Loaded file C:\PROGRAM FILES\ORCAD\LAYOUT_PLUS\library\TM_AXIAL.llb
Mon Apr 20 12:44:54 Loaded file C:\PROGRAM FILES\ORCAD\LAYOUT_PLUS\library\TM_CAP_P.llb
Mon Apr 20 12:44:54 Loaded file C:\PROGRAM FILES\ORCAD\LAYOUT_PLUS\library\TM_CYLND.llb
Mon Apr 20 12:44:54 Loaded file C:\PROGRAM FILES\ORCAD\LAYOUT_PLUS\library\TM_DIODE.llb
Mon Apr 20 12:44:54 Loaded file C:\PROGRAM FILES\ORCAD\LAYOUT_PLUS\library\TM_DISC.llb
Mon Apr 20 12:44:54 Loaded file C:\PROGRAM FILES\ORCAD\LAYOUT_PLUS\library\TM_RAD.llb
Mon Apr 20 12:44:54 Loaded file C:\PROGRAM FILES\ORCAD\LAYOUT_PLUS\library\TO.llb
Mon Apr 20 12:44:54 Loaded file C:\PROGRAM FILES\ORCAD\LAYOUT_PLUS\library\TRAINING.LLB
Mon Apr 20 12:44:54 Loaded file C:\PROGRAM FILES\ORCAD\LAYOUT_PLUS\library\VRES.llb
Mon Apr 20 12:44:54 Loaded file C:\PROGRAM FILES\ORCAD\LAYOUT_PLUS\library\WCON100T.llb
Mon Apr 20 12:44:54 Loaded file C:\PROGRAM FILES\ORCAD\LAYOUT_PLUS\library\XT.llb
Mon Apr 20 12:44:54 Loaded file C:\PROGRAM FILES\ORCAD\LAYOUT_PLUS\library\ZIGZAG.llb
Mon Apr 20 12:44:55 Loaded file C:\PROGRAM FILES\ORCAD\LAYOUT_PLUS\library\BCON100T.llb
Mon Apr 20 12:44:55 Loaded file C:\PROGRAM FILES\ORCAD\LAYOUT_PLUS\library\PCON100T.llb
Mon Apr 20 12:44:55 Loaded file C:\PROGRAM FILES\ORCAD\LIBRARY-DRC\RESISTOR.LLB
Mon Apr 20 12:44:55 Loaded file C:\PROGRAM FILES\ORCAD\LAYOUT_PLUS\library\DIP100T.llb
Mon Apr 20 12:44:55 Loaded file C:\PROGRAM FILES\ORCAD\LAYOUT_PLUS\library\BCON100T.llb
Mon Apr 20 12:44:55 Loaded file C:\PROGRAM FILES\ORCAD\LIBRARY-DRC\CRYSTAL.LLB
Mon Apr 20 12:44:55 Loaded file C:\PROGRAM FILES\ORCAD\LAYOUT_PLUS\library\DIP100T.llb
Mon Apr 20 12:44:55 Loaded file C:\PROGRAM FILES\ORCAD\LAYOUT_PLUS\LIBRARY\USER.LLB
Mon Apr 20 12:44:55 Loaded file C:\PROGRAM FILES\ORCAD\LAYOUT_PLUS\library\DIP100T.llb
Mon Apr 20 12:44:55 Loaded file C:\PROGRAM FILES\ORCAD\LIBRARY-DRC\CONNECTOR.LLB
Mon Apr 20 12:44:55 Loaded file C:\PROGRAM FILES\ORCAD\LAYOUT_PLUS\library\BCON100T.llb
Mon Apr 20 12:44:55 Loaded file C:\PROGRAM FILES\ORCAD\LAYOUT_PLUS\library\DIP100T.llb
Mon Apr 20 12:44:55 Loaded file C:\PROGRAM FILES\ORCAD\LAYOUT_PLUS\library\BCON100T.llb
Mon Apr 20 12:44:55 Loaded file C:\PROGRAM FILES\ORCAD\LAYOUT_PLUS\library\DIP100T.llb
Mon Apr 20 12:44:55 Loaded file C:\PROGRAM FILES\ORCAD\LAYOUT_PLUS\LIBRARY\USER.LLB
Mon Apr 20 12:44:55 Loaded file C:\PROGRAM FILES\ORCAD\LAYOUT_PLUS\LIBRARY\IC.LLB
Mon Apr 20 12:44:55 Loaded file C:\PROGRAM FILES\ORCAD\LIBRARY-DRC\LED.LLB
Mon Apr 20 12:44:55 Loaded file C:\PROGRAM FILES\ORCAD\LIBRARY-DRC\DIOD.LLB
Mon Apr 20 12:44:55 Saved as file F:\ELECTRONIC\2015\PROJECTS\20.LOW COST RELOAD MACHINE\SCHEMATIC\VER2\SRM.MAX
Mon Apr 20 12:44:55 Loaded file F:\ELECTRONIC\2015\PROJECTS\20.LOW COST RELOAD MACHINE\SCHEMATIC\VER2\SRM.MAX
Mon Apr 20 12:49:45 Saved as file BACKUP1.MAX
Mon Apr 20 12:49:47 Saved as file PLACE1.MAX
Mon Apr 20 12:49:50 Saved as file PLACE2.MAX
Mon Apr 20 12:50:00 Saved as file PLACE3.MAX
Mon Apr 20 12:50:02 Saved as file PLACE4.MAX
Mon Apr 20 12:50:05 Saved as file PLACE5.MAX
Mon Apr 20 12:50:07 Saved as file PLACE6.MAX
Mon Apr 20 12:50:10 Saved as file PLACE7.MAX
Mon Apr 20 12:50:12 Saved as file PLACE8.MAX
Mon Apr 20 12:50:37 Saved as file PLACE9.MAX
Mon Apr 20 12:51:02 Saved as file PLACE10.MAX
Mon Apr 20 12:51:04 Batch place completed in 00:01:19
Mon Apr 20 12:51:30 Saved as file BACKUP1.MAX
Mon Apr 20 12:51:32 Saved as file BACKUP1.MAX
Mon Apr 20 12:51:33 Saved as file BACKUP1.MAX
Mon Apr 20 12:51:35 Saved as file BACKUP1.MAX
Mon Apr 20 12:51:36 Saved as file BACKUP1.MAX
Mon Apr 20 12:51:36 Saved as file BACKUP1.MAX
Mon Apr 20 12:51:36 Routed 41 connections in 8 seconds.
Mon Apr 20 12:51:36 Total is now 41 out of 160 (25%).
Mon Apr 20 12:51:37 Saved as file SWEEP1.MAX
Mon Apr 20 12:51:39 Saved as file BACKUP1.MAX
Mon Apr 20 12:51:41 Saved as file BACKUP1.MAX
Mon Apr 20 12:51:43 Saved as file BACKUP1.MAX
Mon Apr 20 12:51:45 Saved as file BACKUP1.MAX
Mon Apr 20 12:51:46 Saved as file BACKUP1.MAX
Mon Apr 20 12:51:47 Saved as file BACKUP1.MAX
Mon Apr 20 12:51:47 Routed 157 connections in 10 seconds.
Mon Apr 20 12:51:47 Total is now 160 out of 160 (100%).
Mon Apr 20 12:51:47 Saved as file SWEEP2.MAX
Mon Apr 20 12:51:48 No new connections routed.
Mon Apr 20 12:51:48 Total is now 160 out of 160 (100%).
Mon Apr 20 12:51:48 Saved as file SWEEP3.MAX
Mon Apr 20 12:51:50 No new connections routed.
Mon Apr 20 12:51:50 Total is now 160 out of 160 (100%).
Mon Apr 20 12:51:50 Saved as file SWEEP4.MAX
Mon Apr 20 12:51:51 No new connections routed.
Mon Apr 20 12:51:51 Total is now 160 out of 160 (100%).
Mon Apr 20 12:51:51 Saved as file SWEEP5.MAX
Mon Apr 20 20:34:36 Saved as file F:\ELECTRONIC\2015\PROJECTS\20.LOW COST RELOAD MACHINE\SCHEMATIC\VER2\SRM.MAX
Mon Apr 20 20:34:37 Saved as file BACKUP1.MAX
Mon Apr 20 20:34:37 Saved as file F:\ELECTRONIC\2015\PROJECTS\20.LOW COST RELOAD MACHINE\SCHEMATIC\VER2\SRM.MAX
Mon Apr 20 20:34:38 UserDiv from Layout.INI for AutoECO: 60
Mon Apr 20 20:34:38 Loaded file F:\ELECTRONIC\2015\PROJECTS\20.LOW COST RELOAD MACHINE\SCHEMATIC\VER2\SRM.MAX
Mon Apr 20 20:34:38 Loaded file C:\PROGRAM FILES\ORCAD\LAYOUT_PLUS\LIBRARY\EMPTY.LLB
Mon Apr 20 20:34:38 Loaded file C:\PROGRAM FILES\ORCAD\LAYOUT_PLUS\LIBRARY\EX_GUI.LLB
Mon Apr 20 20:34:38 Loaded file C:\PROGRAM FILES\ORCAD\LAYOUT_PLUS\LIBRARY\IC.LLB
Mon Apr 20 20:34:38 Loaded file C:\PROGRAM FILES\ORCAD\LAYOUT_PLUS\LIBRARY\METRIC.LLB
Mon Apr 20 20:34:38 Loaded file C:\PROGRAM FILES\ORCAD\LAYOUT_PLUS\LIBRARY\PADSTACK.LLB
Mon Apr 20 20:34:38 Loaded file C:\PROGRAM FILES\ORCAD\LAYOUT_PLUS\LIBRARY\USER.LLB
Mon Apr 20 20:34:38 Loaded file C:\PROGRAM FILES\ORCAD\LIBRARY-DRC\LED.LLB
Mon Apr 20 20:34:38 Loaded file C:\PROGRAM FILES\ORCAD\LIBRARY-DRC\SWITCHES.LLB
Mon Apr 20 20:34:38 Loaded file C:\PROGRAM FILES\ORCAD\LIBRARY-DRC\CONNECTOR.LLB
Mon Apr 20 20:34:38 Loaded file C:\PROGRAM FILES\ORCAD\LIBRARY-DRC\CRYSTAL.LLB
Mon Apr 20 20:34:38 Loaded file C:\PROGRAM FILES\ORCAD\LIBRARY-DRC\DIOD.LLB
Mon Apr 20 20:34:38 Loaded file C:\PROGRAM FILES\ORCAD\LIBRARY-DRC\CAPACITOR.LLB
Mon Apr 20 20:34:38 Loaded file C:\PROGRAM FILES\ORCAD\LIBRARY-DRC\RESISTOR.LLB
Mon Apr 20 20:34:38 Loaded file C:\PROGRAM FILES\ORCAD\LIBRARY-DRC\IC.LLB
Mon Apr 20 20:34:38 Loaded file C:\PROGRAM FILES\ORCAD\LIBRARY-DRC\HEADER.LLB
Mon Apr 20 20:34:38 Loaded file C:\PROGRAM FILES\ORCAD\LAYOUT_PLUS\library\BCON100T.llb
Mon Apr 20 20:34:38 Loaded file C:\PROGRAM FILES\ORCAD\LAYOUT_PLUS\library\BCON156T.llb
Mon Apr 20 20:34:38 Loaded file C:\PROGRAM FILES\ORCAD\LAYOUT_PLUS\library\BGA.llb
Mon Apr 20 20:34:38 Loaded file C:\PROGRAM FILES\ORCAD\LAYOUT_PLUS\library\CLCC.llb
Mon Apr 20 20:34:38 Loaded file C:\PROGRAM FILES\ORCAD\LAYOUT_PLUS\library\DCON050T.llb
Mon Apr 20 20:34:38 Loaded file C:\PROGRAM FILES\ORCAD\LAYOUT_PLUS\library\DCON085T.llb
Mon Apr 20 20:34:38 Loaded file C:\PROGRAM FILES\ORCAD\LAYOUT_PLUS\library\DIMM050F.llb
Mon Apr 20 20:34:38 Loaded file C:\PROGRAM FILES\ORCAD\LAYOUT_PLUS\library\DIMM050T.llb
Mon Apr 20 20:34:38 Loaded file C:\PROGRAM FILES\ORCAD\LAYOUT_PLUS\library\DIN.llb
Mon Apr 20 20:34:38 Loaded file C:\PROGRAM FILES\ORCAD\LAYOUT_PLUS\library\DIP100B.llb
Mon Apr 20 20:34:38 Loaded file C:\PROGRAM FILES\ORCAD\LAYOUT_PLUS\library\DIP100T.llb
Mon Apr 20 20:34:38 Loaded file C:\PROGRAM FILES\ORCAD\LAYOUT_PLUS\library\DSUBT.llb
Mon Apr 20 20:34:38 Loaded file C:\PROGRAM FILES\ORCAD\LAYOUT_PLUS\library\DSUBT_HD.LLB
Mon Apr 20 20:34:38 Loaded file C:\PROGRAM FILES\ORCAD\LAYOUT_PLUS\library\ECON100T.llb
Mon Apr 20 20:34:38 Loaded file C:\PROGRAM FILES\ORCAD\LAYOUT_PLUS\library\FBUS.llb
Mon Apr 20 20:34:38 Loaded file C:\PROGRAM FILES\ORCAD\LAYOUT_PLUS\library\ISA.llb
Mon Apr 20 20:34:38 Loaded file C:\PROGRAM FILES\ORCAD\LAYOUT_PLUS\library\JUMPER.LLB
Mon Apr 20 20:34:38 Loaded file C:\PROGRAM FILES\ORCAD\LAYOUT_PLUS\library\LAYOUT.llb
Mon Apr 20 20:34:38 Loaded file C:\PROGRAM FILES\ORCAD\LAYOUT_PLUS\library\LCON100T.llb
Mon Apr 20 20:34:39 Loaded file C:\PROGRAM FILES\ORCAD\LAYOUT_PLUS\library\PC104.llb
Mon Apr 20 20:34:39 Loaded file C:\PROGRAM FILES\ORCAD\LAYOUT_PLUS\library\PCI.llb
Mon Apr 20 20:34:39 Loaded file C:\PROGRAM FILES\ORCAD\LAYOUT_PLUS\library\PCON100T.llb
Mon Apr 20 20:34:39 Loaded file C:\PROGRAM FILES\ORCAD\LAYOUT_PLUS\library\PCON156T.llb
Mon Apr 20 20:34:39 Loaded file C:\PROGRAM FILES\ORCAD\LAYOUT_PLUS\library\PGA.llb
Mon Apr 20 20:34:39 Loaded file C:\PROGRAM FILES\ORCAD\LAYOUT_PLUS\library\PLCC.llb
Mon Apr 20 20:34:39 Loaded file C:\PROGRAM FILES\ORCAD\LAYOUT_PLUS\library\QUAD.llb
Mon Apr 20 20:34:39 Loaded file C:\PROGRAM FILES\ORCAD\LAYOUT_PLUS\library\QUADB.llb
Mon Apr 20 20:34:39 Loaded file C:\PROGRAM FILES\ORCAD\LAYOUT_PLUS\library\RELAY.llb
Mon Apr 20 20:34:39 Loaded file C:\PROGRAM FILES\ORCAD\LAYOUT_PLUS\library\RF.llb
Mon Apr 20 20:34:39 Loaded file C:\PROGRAM FILES\ORCAD\LAYOUT_PLUS\library\SBUS.llb
Mon Apr 20 20:34:39 Loaded file C:\PROGRAM FILES\ORCAD\LAYOUT_PLUS\library\SIMM050F.llb
Mon Apr 20 20:34:39 Loaded file C:\PROGRAM FILES\ORCAD\LAYOUT_PLUS\library\SIMM050T.llb
Mon Apr 20 20:34:39 Loaded file C:\PROGRAM FILES\ORCAD\LAYOUT_PLUS\library\SIMM100F.llb
Mon Apr 20 20:34:39 Loaded file C:\PROGRAM FILES\ORCAD\LAYOUT_PLUS\library\SIMM100T.llb
Mon Apr 20 20:34:39 Loaded file C:\PROGRAM FILES\ORCAD\LAYOUT_PLUS\library\SIP.llb
Mon Apr 20 20:34:39 Loaded file C:\PROGRAM FILES\ORCAD\LAYOUT_PLUS\library\SM.llb
Mon Apr 20 20:34:39 Loaded file C:\PROGRAM FILES\ORCAD\LAYOUT_PLUS\library\SOG.llb
Mon Apr 20 20:34:39 Loaded file C:\PROGRAM FILES\ORCAD\LAYOUT_PLUS\library\SOJ.llb
Mon Apr 20 20:34:39 Loaded file C:\PROGRAM FILES\ORCAD\LAYOUT_PLUS\library\STIFF.llb
Mon Apr 20 20:34:39 Loaded file C:\PROGRAM FILES\ORCAD\LAYOUT_PLUS\library\TELE.llb
Mon Apr 20 20:34:39 Loaded file C:\PROGRAM FILES\ORCAD\LAYOUT_PLUS\library\TM_AXIAL.llb
Mon Apr 20 20:34:39 Loaded file C:\PROGRAM FILES\ORCAD\LAYOUT_PLUS\library\TM_CAP_P.llb
Mon Apr 20 20:34:39 Loaded file C:\PROGRAM FILES\ORCAD\LAYOUT_PLUS\library\TM_CYLND.llb
Mon Apr 20 20:34:39 Loaded file C:\PROGRAM FILES\ORCAD\LAYOUT_PLUS\library\TM_DIODE.llb
Mon Apr 20 20:34:39 Loaded file C:\PROGRAM FILES\ORCAD\LAYOUT_PLUS\library\TM_DISC.llb
Mon Apr 20 20:34:39 Loaded file C:\PROGRAM FILES\ORCAD\LAYOUT_PLUS\library\TM_RAD.llb
Mon Apr 20 20:34:39 Loaded file C:\PROGRAM FILES\ORCAD\LAYOUT_PLUS\library\TO.llb
Mon Apr 20 20:34:39 Loaded file C:\PROGRAM FILES\ORCAD\LAYOUT_PLUS\library\TRAINING.LLB
Mon Apr 20 20:34:39 Loaded file C:\PROGRAM FILES\ORCAD\LAYOUT_PLUS\library\VRES.llb
Mon Apr 20 20:34:39 Loaded file C:\PROGRAM FILES\ORCAD\LAYOUT_PLUS\library\WCON100T.llb
Mon Apr 20 20:34:39 Loaded file C:\PROGRAM FILES\ORCAD\LAYOUT_PLUS\library\XT.llb
Mon Apr 20 20:34:39 Loaded file C:\PROGRAM FILES\ORCAD\LAYOUT_PLUS\library\ZIGZAG.llb
Mon Apr 20 20:34:39 Loaded file C:\PROGRAM FILES\ORCAD\LAYOUT_PLUS\library\BCON100T.llb
Mon Apr 20 20:34:39 Loaded file C:\PROGRAM FILES\ORCAD\LAYOUT_PLUS\library\PCON100T.llb
Mon Apr 20 20:34:39 Loaded file C:\PROGRAM FILES\ORCAD\LIBRARY-DRC\RESISTOR.LLB
Mon Apr 20 20:34:39 Loaded file C:\PROGRAM FILES\ORCAD\LAYOUT_PLUS\library\DIP100T.llb
Mon Apr 20 20:34:39 Loaded file C:\PROGRAM FILES\ORCAD\LAYOUT_PLUS\library\BCON100T.llb
Mon Apr 20 20:34:39 Loaded file C:\PROGRAM FILES\ORCAD\LIBRARY-DRC\CRYSTAL.LLB
Mon Apr 20 20:34:39 Loaded file C:\PROGRAM FILES\ORCAD\LAYOUT_PLUS\library\DIP100T.llb
Mon Apr 20 20:34:39 Loaded file C:\PROGRAM FILES\ORCAD\LAYOUT_PLUS\LIBRARY\USER.LLB
Mon Apr 20 20:34:39 Loaded file C:\PROGRAM FILES\ORCAD\LAYOUT_PLUS\library\DIP100T.llb
Mon Apr 20 20:34:39 Loaded file C:\PROGRAM FILES\ORCAD\LIBRARY-DRC\CONNECTOR.LLB
Mon Apr 20 20:34:39 Loaded file C:\PROGRAM FILES\ORCAD\LAYOUT_PLUS\library\BCON100T.llb
Mon Apr 20 20:34:39 Loaded file C:\PROGRAM FILES\ORCAD\LAYOUT_PLUS\library\DIP100T.llb
Mon Apr 20 20:34:39 Loaded file C:\PROGRAM FILES\ORCAD\LAYOUT_PLUS\library\BCON100T.llb
Mon Apr 20 20:34:39 Loaded file C:\PROGRAM FILES\ORCAD\LAYOUT_PLUS\library\DIP100T.llb
Mon Apr 20 20:34:39 Loaded file C:\PROGRAM FILES\ORCAD\LAYOUT_PLUS\LIBRARY\USER.LLB
Mon Apr 20 20:34:39 Loaded file C:\PROGRAM FILES\ORCAD\LAYOUT_PLUS\LIBRARY\IC.LLB
Mon Apr 20 20:34:39 Loaded file C:\PROGRAM FILES\ORCAD\LIBRARY-DRC\LED.LLB
Mon Apr 20 20:34:39 Loaded file C:\PROGRAM FILES\ORCAD\LIBRARY-DRC\DIOD.LLB
Mon Apr 20 20:34:39 Saved as file F:\ELECTRONIC\2015\PROJECTS\20.LOW COST RELOAD MACHINE\SCHEMATIC\VER2\SRM.MAX
Mon Apr 20 20:34:39 Loaded file F:\ELECTRONIC\2015\PROJECTS\20.LOW COST RELOAD MACHINE\SCHEMATIC\VER2\SRM.MAX
Mon Apr 20 20:44:43 Saved as file BACKUP1.MAX
Mon Apr 20 20:48:50 Saved as file F:\ELECTRONIC\2015\PROJECTS\20.LOW COST RELOAD MACHINE\SCHEMATIC\VER2\SRM.MAX
Mon Apr 20 20:48:50 Saved as file BACKUP1.MAX
Mon Apr 20 20:48:50 Saved as file F:\ELECTRONIC\2015\PROJECTS\20.LOW COST RELOAD MACHINE\SCHEMATIC\VER2\SRM.MAX
Mon Apr 20 20:48:51 UserDiv from Layout.INI for AutoECO: 60
Mon Apr 20 20:48:51 Loaded file F:\ELECTRONIC\2015\PROJECTS\20.LOW COST RELOAD MACHINE\SCHEMATIC\VER2\SRM.MAX
Mon Apr 20 20:48:51 Loaded file C:\PROGRAM FILES\ORCAD\LAYOUT_PLUS\LIBRARY\EMPTY.LLB
Mon Apr 20 20:48:51 Loaded file C:\PROGRAM FILES\ORCAD\LAYOUT_PLUS\LIBRARY\EX_GUI.LLB
Mon Apr 20 20:48:51 Loaded file C:\PROGRAM FILES\ORCAD\LAYOUT_PLUS\LIBRARY\IC.LLB
Mon Apr 20 20:48:51 Loaded file C:\PROGRAM FILES\ORCAD\LAYOUT_PLUS\LIBRARY\METRIC.LLB
Mon Apr 20 20:48:51 Loaded file C:\PROGRAM FILES\ORCAD\LAYOUT_PLUS\LIBRARY\PADSTACK.LLB
Mon Apr 20 20:48:51 Loaded file C:\PROGRAM FILES\ORCAD\LAYOUT_PLUS\LIBRARY\USER.LLB
Mon Apr 20 20:48:51 Loaded file C:\PROGRAM FILES\ORCAD\LIBRARY-DRC\LED.LLB
Mon Apr 20 20:48:51 Loaded file C:\PROGRAM FILES\ORCAD\LIBRARY-DRC\SWITCHES.LLB
Mon Apr 20 20:48:51 Loaded file C:\PROGRAM FILES\ORCAD\LIBRARY-DRC\CONNECTOR.LLB
Mon Apr 20 20:48:51 Loaded file C:\PROGRAM FILES\ORCAD\LIBRARY-DRC\CRYSTAL.LLB
Mon Apr 20 20:48:51 Loaded file C:\PROGRAM FILES\ORCAD\LIBRARY-DRC\DIOD.LLB
Mon Apr 20 20:48:51 Loaded file C:\PROGRAM FILES\ORCAD\LIBRARY-DRC\CAPACITOR.LLB
Mon Apr 20 20:48:51 Loaded file C:\PROGRAM FILES\ORCAD\LIBRARY-DRC\RESISTOR.LLB
Mon Apr 20 20:48:51 Loaded file C:\PROGRAM FILES\ORCAD\LIBRARY-DRC\IC.LLB
Mon Apr 20 20:48:51 Loaded file C:\PROGRAM FILES\ORCAD\LIBRARY-DRC\HEADER.LLB
Mon Apr 20 20:48:52 Loaded file C:\PROGRAM FILES\ORCAD\LAYOUT_PLUS\library\BCON100T.llb
Mon Apr 20 20:48:52 Loaded file C:\PROGRAM FILES\ORCAD\LAYOUT_PLUS\library\BCON156T.llb
Mon Apr 20 20:48:52 Loaded file C:\PROGRAM FILES\ORCAD\LAYOUT_PLUS\library\BGA.llb
Mon Apr 20 20:48:52 Loaded file C:\PROGRAM FILES\ORCAD\LAYOUT_PLUS\library\CLCC.llb
Mon Apr 20 20:48:52 Loaded file C:\PROGRAM FILES\ORCAD\LAYOUT_PLUS\library\DCON050T.llb
Mon Apr 20 20:48:52 Loaded file C:\PROGRAM FILES\ORCAD\LAYOUT_PLUS\library\DCON085T.llb
Mon Apr 20 20:48:52 Loaded file C:\PROGRAM FILES\ORCAD\LAYOUT_PLUS\library\DIMM050F.llb
Mon Apr 20 20:48:52 Loaded file C:\PROGRAM FILES\ORCAD\LAYOUT_PLUS\library\DIMM050T.llb
Mon Apr 20 20:48:52 Loaded file C:\PROGRAM FILES\ORCAD\LAYOUT_PLUS\library\DIN.llb
Mon Apr 20 20:48:52 Loaded file C:\PROGRAM FILES\ORCAD\LAYOUT_PLUS\library\DIP100B.llb
Mon Apr 20 20:48:52 Loaded file C:\PROGRAM FILES\ORCAD\LAYOUT_PLUS\library\DIP100T.llb
Mon Apr 20 20:48:52 Loaded file C:\PROGRAM FILES\ORCAD\LAYOUT_PLUS\library\DSUBT.llb
Mon Apr 20 20:48:52 Loaded file C:\PROGRAM FILES\ORCAD\LAYOUT_PLUS\library\DSUBT_HD.LLB
Mon Apr 20 20:48:52 Loaded file C:\PROGRAM FILES\ORCAD\LAYOUT_PLUS\library\ECON100T.llb
Mon Apr 20 20:48:52 Loaded file C:\PROGRAM FILES\ORCAD\LAYOUT_PLUS\library\FBUS.llb
Mon Apr 20 20:48:52 Loaded file C:\PROGRAM FILES\ORCAD\LAYOUT_PLUS\library\ISA.llb
Mon Apr 20 20:48:52 Loaded file C:\PROGRAM FILES\ORCAD\LAYOUT_PLUS\library\JUMPER.LLB
Mon Apr 20 20:48:52 Loaded file C:\PROGRAM FILES\ORCAD\LAYOUT_PLUS\library\LAYOUT.llb
Mon Apr 20 20:48:52 Loaded file C:\PROGRAM FILES\ORCAD\LAYOUT_PLUS\library\LCON100T.llb
Mon Apr 20 20:48:52 Loaded file C:\PROGRAM FILES\ORCAD\LAYOUT_PLUS\library\PC104.llb
Mon Apr 20 20:48:52 Loaded file C:\PROGRAM FILES\ORCAD\LAYOUT_PLUS\library\PCI.llb
Mon Apr 20 20:48:52 Loaded file C:\PROGRAM FILES\ORCAD\LAYOUT_PLUS\library\PCON100T.llb
Mon Apr 20 20:48:52 Loaded file C:\PROGRAM FILES\ORCAD\LAYOUT_PLUS\library\PCON156T.llb
Mon Apr 20 20:48:52 Loaded file C:\PROGRAM FILES\ORCAD\LAYOUT_PLUS\library\PGA.llb
Mon Apr 20 20:48:52 Loaded file C:\PROGRAM FILES\ORCAD\LAYOUT_PLUS\library\PLCC.llb
Mon Apr 20 20:48:52 Loaded file C:\PROGRAM FILES\ORCAD\LAYOUT_PLUS\library\QUAD.llb
Mon Apr 20 20:48:52 Loaded file C:\PROGRAM FILES\ORCAD\LAYOUT_PLUS\library\QUADB.llb
Mon Apr 20 20:48:52 Loaded file C:\PROGRAM FILES\ORCAD\LAYOUT_PLUS\library\RELAY.llb
Mon Apr 20 20:48:52 Loaded file C:\PROGRAM FILES\ORCAD\LAYOUT_PLUS\library\RF.llb
Mon Apr 20 20:48:52 Loaded file C:\PROGRAM FILES\ORCAD\LAYOUT_PLUS\library\SBUS.llb
Mon Apr 20 20:48:52 Loaded file C:\PROGRAM FILES\ORCAD\LAYOUT_PLUS\library\SIMM050F.llb
Mon Apr 20 20:48:52 Loaded file C:\PROGRAM FILES\ORCAD\LAYOUT_PLUS\library\SIMM050T.llb
Mon Apr 20 20:48:52 Loaded file C:\PROGRAM FILES\ORCAD\LAYOUT_PLUS\library\SIMM100F.llb
Mon Apr 20 20:48:52 Loaded file C:\PROGRAM FILES\ORCAD\LAYOUT_PLUS\library\SIMM100T.llb
Mon Apr 20 20:48:52 Loaded file C:\PROGRAM FILES\ORCAD\LAYOUT_PLUS\library\SIP.llb
Mon Apr 20 20:48:52 Loaded file C:\PROGRAM FILES\ORCAD\LAYOUT_PLUS\library\SM.llb
Mon Apr 20 20:48:52 Loaded file C:\PROGRAM FILES\ORCAD\LAYOUT_PLUS\library\SOG.llb
Mon Apr 20 20:48:52 Loaded file C:\PROGRAM FILES\ORCAD\LAYOUT_PLUS\library\SOJ.llb
Mon Apr 20 20:48:52 Loaded file C:\PROGRAM FILES\ORCAD\LAYOUT_PLUS\library\STIFF.llb
Mon Apr 20 20:48:52 Loaded file C:\PROGRAM FILES\ORCAD\LAYOUT_PLUS\library\TELE.llb
Mon Apr 20 20:48:52 Loaded file C:\PROGRAM FILES\ORCAD\LAYOUT_PLUS\library\TM_AXIAL.llb
Mon Apr 20 20:48:52 Loaded file C:\PROGRAM FILES\ORCAD\LAYOUT_PLUS\library\TM_CAP_P.llb
Mon Apr 20 20:48:52 Loaded file C:\PROGRAM FILES\ORCAD\LAYOUT_PLUS\library\TM_CYLND.llb
Mon Apr 20 20:48:52 Loaded file C:\PROGRAM FILES\ORCAD\LAYOUT_PLUS\library\TM_DIODE.llb
Mon Apr 20 20:48:52 Loaded file C:\PROGRAM FILES\ORCAD\LAYOUT_PLUS\library\TM_DISC.llb
Mon Apr 20 20:48:52 Loaded file C:\PROGRAM FILES\ORCAD\LAYOUT_PLUS\library\TM_RAD.llb
Mon Apr 20 20:48:52 Loaded file C:\PROGRAM FILES\ORCAD\LAYOUT_PLUS\library\TO.llb
Mon Apr 20 20:48:52 Loaded file C:\PROGRAM FILES\ORCAD\LAYOUT_PLUS\library\TRAINING.LLB
Mon Apr 20 20:48:52 Loaded file C:\PROGRAM FILES\ORCAD\LAYOUT_PLUS\library\VRES.llb
Mon Apr 20 20:48:52 Loaded file C:\PROGRAM FILES\ORCAD\LAYOUT_PLUS\library\WCON100T.llb
Mon Apr 20 20:48:52 Loaded file C:\PROGRAM FILES\ORCAD\LAYOUT_PLUS\library\XT.llb
Mon Apr 20 20:48:52 Loaded file C:\PROGRAM FILES\ORCAD\LAYOUT_PLUS\library\ZIGZAG.llb
Mon Apr 20 20:48:52 Loaded file C:\PROGRAM FILES\ORCAD\LAYOUT_PLUS\library\BCON100T.llb
Mon Apr 20 20:48:52 Loaded file C:\PROGRAM FILES\ORCAD\LAYOUT_PLUS\library\PCON100T.llb
Mon Apr 20 20:48:52 Loaded file C:\PROGRAM FILES\ORCAD\LIBRARY-DRC\RESISTOR.LLB
Mon Apr 20 20:48:52 Loaded file C:\PROGRAM FILES\ORCAD\LAYOUT_PLUS\library\DIP100T.llb
Mon Apr 20 20:48:52 Loaded file C:\PROGRAM FILES\ORCAD\LAYOUT_PLUS\library\BCON100T.llb
Mon Apr 20 20:48:52 Loaded file C:\PROGRAM FILES\ORCAD\LIBRARY-DRC\CRYSTAL.LLB
Mon Apr 20 20:48:52 Loaded file C:\PROGRAM FILES\ORCAD\LAYOUT_PLUS\library\DIP100T.llb
Mon Apr 20 20:48:52 Loaded file C:\PROGRAM FILES\ORCAD\LAYOUT_PLUS\LIBRARY\USER.LLB
Mon Apr 20 20:48:52 Loaded file C:\PROGRAM FILES\ORCAD\LAYOUT_PLUS\library\DIP100T.llb
Mon Apr 20 20:48:52 Loaded file C:\PROGRAM FILES\ORCAD\LIBRARY-DRC\CONNECTOR.LLB
Mon Apr 20 20:48:52 Loaded file C:\PROGRAM FILES\ORCAD\LAYOUT_PLUS\library\BCON100T.llb
Mon Apr 20 20:48:52 Loaded file C:\PROGRAM FILES\ORCAD\LAYOUT_PLUS\library\DIP100T.llb
Mon Apr 20 20:48:52 Loaded file C:\PROGRAM FILES\ORCAD\LAYOUT_PLUS\library\BCON100T.llb
Mon Apr 20 20:48:52 Loaded file C:\PROGRAM FILES\ORCAD\LAYOUT_PLUS\library\DIP100T.llb
Mon Apr 20 20:48:52 Loaded file C:\PROGRAM FILES\ORCAD\LAYOUT_PLUS\LIBRARY\USER.LLB
Mon Apr 20 20:48:52 Loaded file C:\PROGRAM FILES\ORCAD\LAYOUT_PLUS\LIBRARY\IC.LLB
Mon Apr 20 20:48:52 Loaded file C:\PROGRAM FILES\ORCAD\LIBRARY-DRC\LED.LLB
Mon Apr 20 20:48:52 Loaded file C:\PROGRAM FILES\ORCAD\LIBRARY-DRC\DIOD.LLB
Mon Apr 20 20:48:52 Saved as file F:\ELECTRONIC\2015\PROJECTS\20.LOW COST RELOAD MACHINE\SCHEMATIC\VER2\SRM.MAX
Mon Apr 20 20:48:52 Loaded file F:\ELECTRONIC\2015\PROJECTS\20.LOW COST RELOAD MACHINE\SCHEMATIC\VER2\SRM.MAX
Mon Apr 20 20:51:25 Saved as file BACKUP1.MAX
Mon Apr 20 20:51:26 Saved as file PLACE1.MAX
Mon Apr 20 20:51:27 Saved as file PLACE2.MAX
Mon Apr 20 20:51:36 Saved as file PLACE3.MAX
Mon Apr 20 20:51:39 Saved as file PLACE4.MAX
Mon Apr 20 20:51:41 Saved as file PLACE5.MAX
Mon Apr 20 20:51:44 Batch place completed in 00:00:18
Mon Apr 20 20:56:46 Loaded file C:\PROGRAM FILES\ORCAD\LAYOUT_PLUS\LIBRARY\EMPTY.LLB
Mon Apr 20 20:56:46 Loaded file C:\PROGRAM FILES\ORCAD\LAYOUT_PLUS\LIBRARY\EX_GUI.LLB
Mon Apr 20 20:56:46 Loaded file C:\PROGRAM FILES\ORCAD\LAYOUT_PLUS\LIBRARY\IC.LLB
Mon Apr 20 20:56:46 Loaded file C:\PROGRAM FILES\ORCAD\LAYOUT_PLUS\LIBRARY\METRIC.LLB
Mon Apr 20 20:56:46 Loaded file C:\PROGRAM FILES\ORCAD\LAYOUT_PLUS\LIBRARY\PADSTACK.LLB
Mon Apr 20 20:56:46 Loaded file C:\PROGRAM FILES\ORCAD\LAYOUT_PLUS\LIBRARY\USER.LLB
Mon Apr 20 20:56:46 Loaded file C:\PROGRAM FILES\ORCAD\LIBRARY-DRC\LED.LLB
Mon Apr 20 20:56:46 Loaded file C:\PROGRAM FILES\ORCAD\LIBRARY-DRC\SWITCHES.LLB
Mon Apr 20 20:56:46 Loaded file C:\PROGRAM FILES\ORCAD\LIBRARY-DRC\CONNECTOR.LLB
Mon Apr 20 20:56:46 Loaded file C:\PROGRAM FILES\ORCAD\LIBRARY-DRC\CRYSTAL.LLB
Mon Apr 20 20:56:46 Loaded file C:\PROGRAM FILES\ORCAD\LIBRARY-DRC\DIOD.LLB
Mon Apr 20 20:56:46 Loaded file C:\PROGRAM FILES\ORCAD\LIBRARY-DRC\CAPACITOR.LLB
Mon Apr 20 20:56:46 Loaded file C:\PROGRAM FILES\ORCAD\LIBRARY-DRC\RESISTOR.LLB
Mon Apr 20 20:56:46 Loaded file C:\PROGRAM FILES\ORCAD\LIBRARY-DRC\IC.LLB
Mon Apr 20 20:56:46 Loaded file C:\PROGRAM FILES\ORCAD\LIBRARY-DRC\HEADER.LLB
Mon Apr 20 20:56:46 Loaded file C:\PROGRAM FILES\ORCAD\LAYOUT_PLUS\library\BCON100T.llb
Mon Apr 20 20:56:46 Loaded file C:\PROGRAM FILES\ORCAD\LAYOUT_PLUS\library\BCON156T.llb
Mon Apr 20 20:56:46 Loaded file C:\PROGRAM FILES\ORCAD\LAYOUT_PLUS\library\BGA.llb
Mon Apr 20 20:56:46 Loaded file C:\PROGRAM FILES\ORCAD\LAYOUT_PLUS\library\CLCC.llb
Mon Apr 20 20:56:46 Loaded file C:\PROGRAM FILES\ORCAD\LAYOUT_PLUS\library\DCON050T.llb
Mon Apr 20 20:56:46 Loaded file C:\PROGRAM FILES\ORCAD\LAYOUT_PLUS\library\DCON085T.llb
Mon Apr 20 20:56:46 Loaded file C:\PROGRAM FILES\ORCAD\LAYOUT_PLUS\library\DIMM050F.llb
Mon Apr 20 20:56:46 Loaded file C:\PROGRAM FILES\ORCAD\LAYOUT_PLUS\library\DIMM050T.llb
Mon Apr 20 20:56:46 Loaded file C:\PROGRAM FILES\ORCAD\LAYOUT_PLUS\library\DIN.llb
Mon Apr 20 20:56:46 Loaded file C:\PROGRAM FILES\ORCAD\LAYOUT_PLUS\library\DIP100B.llb
Mon Apr 20 20:56:46 Loaded file C:\PROGRAM FILES\ORCAD\LAYOUT_PLUS\library\DIP100T.llb
Mon Apr 20 20:56:46 Loaded file C:\PROGRAM FILES\ORCAD\LAYOUT_PLUS\library\DSUBT.llb
Mon Apr 20 20:56:46 Loaded file C:\PROGRAM FILES\ORCAD\LAYOUT_PLUS\library\DSUBT_HD.LLB
Mon Apr 20 20:56:46 Loaded file C:\PROGRAM FILES\ORCAD\LAYOUT_PLUS\library\ECON100T.llb
Mon Apr 20 20:56:46 Loaded file C:\PROGRAM FILES\ORCAD\LAYOUT_PLUS\library\FBUS.llb
Mon Apr 20 20:56:46 Loaded file C:\PROGRAM FILES\ORCAD\LAYOUT_PLUS\library\ISA.llb
Mon Apr 20 20:56:46 Loaded file C:\PROGRAM FILES\ORCAD\LAYOUT_PLUS\library\JUMPER.LLB
Mon Apr 20 20:56:46 Loaded file C:\PROGRAM FILES\ORCAD\LAYOUT_PLUS\library\LAYOUT.llb
Mon Apr 20 20:56:46 Loaded file C:\PROGRAM FILES\ORCAD\LAYOUT_PLUS\library\LCON100T.llb
Mon Apr 20 20:56:46 Loaded file C:\PROGRAM FILES\ORCAD\LAYOUT_PLUS\library\PC104.llb
Mon Apr 20 20:56:46 Loaded file C:\PROGRAM FILES\ORCAD\LAYOUT_PLUS\library\PCI.llb
Mon Apr 20 20:56:46 Loaded file C:\PROGRAM FILES\ORCAD\LAYOUT_PLUS\library\PCON100T.llb
Mon Apr 20 20:56:56 Loaded file C:\PROGRAM FILES\ORCAD\LAYOUT_PLUS\LIBRARY\EMPTY.LLB
Mon Apr 20 20:56:56 Loaded file C:\PROGRAM FILES\ORCAD\LAYOUT_PLUS\LIBRARY\EX_GUI.LLB
Mon Apr 20 20:56:56 Loaded file C:\PROGRAM FILES\ORCAD\LAYOUT_PLUS\LIBRARY\IC.LLB
Mon Apr 20 20:56:56 Loaded file C:\PROGRAM FILES\ORCAD\LAYOUT_PLUS\LIBRARY\METRIC.LLB
Mon Apr 20 20:56:56 Loaded file C:\PROGRAM FILES\ORCAD\LAYOUT_PLUS\LIBRARY\PADSTACK.LLB
Mon Apr 20 20:56:56 Loaded file C:\PROGRAM FILES\ORCAD\LAYOUT_PLUS\LIBRARY\USER.LLB
Mon Apr 20 20:56:56 Loaded file C:\PROGRAM FILES\ORCAD\LIBRARY-DRC\LED.LLB
Mon Apr 20 20:56:56 Loaded file C:\PROGRAM FILES\ORCAD\LIBRARY-DRC\SWITCHES.LLB
Mon Apr 20 20:56:56 Loaded file C:\PROGRAM FILES\ORCAD\LIBRARY-DRC\CONNECTOR.LLB
Mon Apr 20 20:56:56 Loaded file C:\PROGRAM FILES\ORCAD\LIBRARY-DRC\CRYSTAL.LLB
Mon Apr 20 20:56:56 Loaded file C:\PROGRAM FILES\ORCAD\LIBRARY-DRC\DIOD.LLB
Mon Apr 20 20:56:56 Loaded file C:\PROGRAM FILES\ORCAD\LIBRARY-DRC\CAPACITOR.LLB
Mon Apr 20 20:56:56 Loaded file C:\PROGRAM FILES\ORCAD\LIBRARY-DRC\RESISTOR.LLB
Mon Apr 20 20:56:56 Loaded file C:\PROGRAM FILES\ORCAD\LIBRARY-DRC\IC.LLB
Mon Apr 20 20:56:56 Loaded file C:\PROGRAM FILES\ORCAD\LIBRARY-DRC\HEADER.LLB
Mon Apr 20 20:56:56 Loaded file C:\PROGRAM FILES\ORCAD\LAYOUT_PLUS\library\BCON100T.llb
Mon Apr 20 20:56:56 Loaded file C:\PROGRAM FILES\ORCAD\LAYOUT_PLUS\library\BCON156T.llb
Mon Apr 20 20:56:56 Loaded file C:\PROGRAM FILES\ORCAD\LAYOUT_PLUS\library\BGA.llb
Mon Apr 20 20:56:56 Loaded file C:\PROGRAM FILES\ORCAD\LAYOUT_PLUS\library\CLCC.llb
Mon Apr 20 20:56:56 Loaded file C:\PROGRAM FILES\ORCAD\LAYOUT_PLUS\library\DCON050T.llb
Mon Apr 20 20:56:56 Loaded file C:\PROGRAM FILES\ORCAD\LAYOUT_PLUS\library\DCON085T.llb
Mon Apr 20 20:56:56 Loaded file C:\PROGRAM FILES\ORCAD\LAYOUT_PLUS\library\DIMM050F.llb
Mon Apr 20 20:56:56 Loaded file C:\PROGRAM FILES\ORCAD\LAYOUT_PLUS\library\DIMM050T.llb
Mon Apr 20 20:56:56 Loaded file C:\PROGRAM FILES\ORCAD\LAYOUT_PLUS\library\DIN.llb
Mon Apr 20 20:56:56 Loaded file C:\PROGRAM FILES\ORCAD\LAYOUT_PLUS\library\DIP100B.llb
Mon Apr 20 20:56:56 Loaded file C:\PROGRAM FILES\ORCAD\LAYOUT_PLUS\library\DIP100T.llb
Mon Apr 20 20:56:56 Loaded file C:\PROGRAM FILES\ORCAD\LAYOUT_PLUS\library\DSUBT.llb
Mon Apr 20 20:56:56 Loaded file C:\PROGRAM FILES\ORCAD\LAYOUT_PLUS\library\DSUBT_HD.LLB
Mon Apr 20 20:56:56 Loaded file C:\PROGRAM FILES\ORCAD\LAYOUT_PLUS\library\ECON100T.llb
Mon Apr 20 20:56:56 Loaded file C:\PROGRAM FILES\ORCAD\LAYOUT_PLUS\library\FBUS.llb
Mon Apr 20 20:56:56 Loaded file C:\PROGRAM FILES\ORCAD\LAYOUT_PLUS\library\ISA.llb
Mon Apr 20 20:56:56 Loaded file C:\PROGRAM FILES\ORCAD\LAYOUT_PLUS\library\JUMPER.LLB
Mon Apr 20 20:56:56 Loaded file C:\PROGRAM FILES\ORCAD\LAYOUT_PLUS\library\LAYOUT.llb
Mon Apr 20 20:56:56 Loaded file C:\PROGRAM FILES\ORCAD\LAYOUT_PLUS\library\LCON100T.llb
Mon Apr 20 20:56:56 Loaded file C:\PROGRAM FILES\ORCAD\LAYOUT_PLUS\library\PC104.llb
Mon Apr 20 20:56:56 Loaded file C:\PROGRAM FILES\ORCAD\LAYOUT_PLUS\library\PCI.llb
Mon Apr 20 20:56:56 Loaded file C:\PROGRAM FILES\ORCAD\LAYOUT_PLUS\library\PCON100T.llb
Mon Apr 20 20:57:39 Loaded file C:\PROGRAM FILES\ORCAD\LAYOUT_PLUS\LIBRARY\EMPTY.LLB
Mon Apr 20 20:57:39 Loaded file C:\PROGRAM FILES\ORCAD\LAYOUT_PLUS\LIBRARY\EX_GUI.LLB
Mon Apr 20 20:57:39 Loaded file C:\PROGRAM FILES\ORCAD\LAYOUT_PLUS\LIBRARY\IC.LLB
Mon Apr 20 20:57:39 Loaded file C:\PROGRAM FILES\ORCAD\LAYOUT_PLUS\LIBRARY\METRIC.LLB
Mon Apr 20 20:57:39 Loaded file C:\PROGRAM FILES\ORCAD\LAYOUT_PLUS\LIBRARY\PADSTACK.LLB
Mon Apr 20 20:57:39 Loaded file C:\PROGRAM FILES\ORCAD\LAYOUT_PLUS\LIBRARY\USER.LLB
Mon Apr 20 20:57:39 Loaded file C:\PROGRAM FILES\ORCAD\LIBRARY-DRC\LED.LLB
Mon Apr 20 20:57:39 Loaded file C:\PROGRAM FILES\ORCAD\LIBRARY-DRC\SWITCHES.LLB
Mon Apr 20 20:57:39 Loaded file C:\PROGRAM FILES\ORCAD\LIBRARY-DRC\CONNECTOR.LLB
Mon Apr 20 20:57:39 Loaded file C:\PROGRAM FILES\ORCAD\LIBRARY-DRC\CRYSTAL.LLB
Mon Apr 20 20:57:39 Loaded file C:\PROGRAM FILES\ORCAD\LIBRARY-DRC\DIOD.LLB
Mon Apr 20 20:57:39 Loaded file C:\PROGRAM FILES\ORCAD\LIBRARY-DRC\CAPACITOR.LLB
Mon Apr 20 20:57:39 Loaded file C:\PROGRAM FILES\ORCAD\LIBRARY-DRC\RESISTOR.LLB
Mon Apr 20 20:57:39 Loaded file C:\PROGRAM FILES\ORCAD\LIBRARY-DRC\IC.LLB
Mon Apr 20 20:57:39 Loaded file C:\PROGRAM FILES\ORCAD\LIBRARY-DRC\HEADER.LLB
Mon Apr 20 20:57:39 Loaded file C:\PROGRAM FILES\ORCAD\LAYOUT_PLUS\library\BCON100T.llb
Mon Apr 20 20:57:39 Loaded file C:\PROGRAM FILES\ORCAD\LAYOUT_PLUS\library\BCON156T.llb
Mon Apr 20 20:57:39 Loaded file C:\PROGRAM FILES\ORCAD\LAYOUT_PLUS\library\BGA.llb
Mon Apr 20 20:57:39 Loaded file C:\PROGRAM FILES\ORCAD\LAYOUT_PLUS\library\CLCC.llb
Mon Apr 20 20:57:39 Loaded file C:\PROGRAM FILES\ORCAD\LAYOUT_PLUS\library\DCON050T.llb
Mon Apr 20 20:57:39 Loaded file C:\PROGRAM FILES\ORCAD\LAYOUT_PLUS\library\DCON085T.llb
Mon Apr 20 20:57:39 Loaded file C:\PROGRAM FILES\ORCAD\LAYOUT_PLUS\library\DIMM050F.llb
Mon Apr 20 20:57:39 Loaded file C:\PROGRAM FILES\ORCAD\LAYOUT_PLUS\library\DIMM050T.llb
Mon Apr 20 20:57:39 Loaded file C:\PROGRAM FILES\ORCAD\LAYOUT_PLUS\library\DIN.llb
Mon Apr 20 20:57:39 Loaded file C:\PROGRAM FILES\ORCAD\LAYOUT_PLUS\library\DIP100B.llb
Mon Apr 20 20:57:39 Loaded file C:\PROGRAM FILES\ORCAD\LAYOUT_PLUS\library\DIP100T.llb
Mon Apr 20 20:57:39 Loaded file C:\PROGRAM FILES\ORCAD\LAYOUT_PLUS\library\DSUBT.llb
Mon Apr 20 20:57:39 Loaded file C:\PROGRAM FILES\ORCAD\LAYOUT_PLUS\library\DSUBT_HD.LLB
Mon Apr 20 20:57:39 Loaded file C:\PROGRAM FILES\ORCAD\LAYOUT_PLUS\library\ECON100T.llb
Mon Apr 20 20:57:39 Loaded file C:\PROGRAM FILES\ORCAD\LAYOUT_PLUS\library\FBUS.llb
Mon Apr 20 20:57:39 Loaded file C:\PROGRAM FILES\ORCAD\LAYOUT_PLUS\library\ISA.llb
Mon Apr 20 20:57:39 Loaded file C:\PROGRAM FILES\ORCAD\LAYOUT_PLUS\library\JUMPER.LLB
Mon Apr 20 20:57:39 Loaded file C:\PROGRAM FILES\ORCAD\LAYOUT_PLUS\library\LAYOUT.llb
Mon Apr 20 20:57:39 Loaded file C:\PROGRAM FILES\ORCAD\LAYOUT_PLUS\library\LCON100T.llb
Mon Apr 20 20:57:39 Loaded file C:\PROGRAM FILES\ORCAD\LAYOUT_PLUS\library\PC104.llb
Mon Apr 20 20:57:39 Loaded file C:\PROGRAM FILES\ORCAD\LAYOUT_PLUS\library\PCI.llb
Mon Apr 20 20:57:39 Loaded file C:\PROGRAM FILES\ORCAD\LAYOUT_PLUS\library\PCON100T.llb
Mon Apr 20 20:57:49 Loaded file C:\PROGRAM FILES\ORCAD\LAYOUT_PLUS\LIBRARY\EMPTY.LLB
Mon Apr 20 20:57:49 Loaded file C:\PROGRAM FILES\ORCAD\LAYOUT_PLUS\LIBRARY\EX_GUI.LLB
Mon Apr 20 20:57:49 Loaded file C:\PROGRAM FILES\ORCAD\LAYOUT_PLUS\LIBRARY\IC.LLB
Mon Apr 20 20:57:49 Loaded file C:\PROGRAM FILES\ORCAD\LAYOUT_PLUS\LIBRARY\METRIC.LLB
Mon Apr 20 20:57:49 Loaded file C:\PROGRAM FILES\ORCAD\LAYOUT_PLUS\LIBRARY\PADSTACK.LLB
Mon Apr 20 20:57:49 Loaded file C:\PROGRAM FILES\ORCAD\LAYOUT_PLUS\LIBRARY\USER.LLB
Mon Apr 20 20:57:49 Loaded file C:\PROGRAM FILES\ORCAD\LIBRARY-DRC\LED.LLB
Mon Apr 20 20:57:49 Loaded file C:\PROGRAM FILES\ORCAD\LIBRARY-DRC\SWITCHES.LLB
Mon Apr 20 20:57:49 Loaded file C:\PROGRAM FILES\ORCAD\LIBRARY-DRC\CONNECTOR.LLB
Mon Apr 20 20:57:49 Loaded file C:\PROGRAM FILES\ORCAD\LIBRARY-DRC\CRYSTAL.LLB
Mon Apr 20 20:57:49 Loaded file C:\PROGRAM FILES\ORCAD\LIBRARY-DRC\DIOD.LLB
Mon Apr 20 20:57:49 Loaded file C:\PROGRAM FILES\ORCAD\LIBRARY-DRC\CAPACITOR.LLB
Mon Apr 20 20:57:49 Loaded file C:\PROGRAM FILES\ORCAD\LIBRARY-DRC\RESISTOR.LLB
Mon Apr 20 20:57:49 Loaded file C:\PROGRAM FILES\ORCAD\LIBRARY-DRC\IC.LLB
Mon Apr 20 20:57:49 Loaded file C:\PROGRAM FILES\ORCAD\LIBRARY-DRC\HEADER.LLB
Mon Apr 20 20:57:49 Loaded file C:\PROGRAM FILES\ORCAD\LAYOUT_PLUS\library\BCON100T.llb
Mon Apr 20 20:57:49 Loaded file C:\PROGRAM FILES\ORCAD\LAYOUT_PLUS\library\BCON156T.llb
Mon Apr 20 20:57:49 Loaded file C:\PROGRAM FILES\ORCAD\LAYOUT_PLUS\library\BGA.llb
Mon Apr 20 20:57:49 Loaded file C:\PROGRAM FILES\ORCAD\LAYOUT_PLUS\library\CLCC.llb
Mon Apr 20 20:57:49 Loaded file C:\PROGRAM FILES\ORCAD\LAYOUT_PLUS\library\DCON050T.llb
Mon Apr 20 20:57:49 Loaded file C:\PROGRAM FILES\ORCAD\LAYOUT_PLUS\library\DCON085T.llb
Mon Apr 20 20:57:49 Loaded file C:\PROGRAM FILES\ORCAD\LAYOUT_PLUS\library\DIMM050F.llb
Mon Apr 20 20:57:49 Loaded file C:\PROGRAM FILES\ORCAD\LAYOUT_PLUS\library\DIMM050T.llb
Mon Apr 20 20:57:49 Loaded file C:\PROGRAM FILES\ORCAD\LAYOUT_PLUS\library\DIN.llb
Mon Apr 20 20:57:49 Loaded file C:\PROGRAM FILES\ORCAD\LAYOUT_PLUS\library\DIP100B.llb
Mon Apr 20 20:57:49 Loaded file C:\PROGRAM FILES\ORCAD\LAYOUT_PLUS\library\DIP100T.llb
Mon Apr 20 20:57:49 Loaded file C:\PROGRAM FILES\ORCAD\LAYOUT_PLUS\library\DSUBT.llb
Mon Apr 20 20:57:49 Loaded file C:\PROGRAM FILES\ORCAD\LAYOUT_PLUS\library\DSUBT_HD.LLB
Mon Apr 20 20:57:49 Loaded file C:\PROGRAM FILES\ORCAD\LAYOUT_PLUS\library\ECON100T.llb
Mon Apr 20 20:57:49 Loaded file C:\PROGRAM FILES\ORCAD\LAYOUT_PLUS\library\FBUS.llb
Mon Apr 20 20:57:49 Loaded file C:\PROGRAM FILES\ORCAD\LAYOUT_PLUS\library\ISA.llb
Mon Apr 20 20:57:49 Loaded file C:\PROGRAM FILES\ORCAD\LAYOUT_PLUS\library\JUMPER.LLB
Mon Apr 20 20:57:49 Loaded file C:\PROGRAM FILES\ORCAD\LAYOUT_PLUS\library\LAYOUT.llb
Mon Apr 20 20:57:49 Loaded file C:\PROGRAM FILES\ORCAD\LAYOUT_PLUS\library\LCON100T.llb
Mon Apr 20 20:57:49 Loaded file C:\PROGRAM FILES\ORCAD\LAYOUT_PLUS\library\PC104.llb
Mon Apr 20 20:57:49 Loaded file C:\PROGRAM FILES\ORCAD\LAYOUT_PLUS\library\PCI.llb
Mon Apr 20 20:57:49 Loaded file C:\PROGRAM FILES\ORCAD\LAYOUT_PLUS\library\PCON100T.llb
Mon Apr 20 21:00:31 Saved as file BACKUP1.MAX
Mon Apr 20 21:11:01 Saved as file BACKUP1.MAX
Mon Apr 20 21:14:00 Saved as file BACKUP1.MAX
Mon Apr 20 21:14:03 Saved as file BACKUP1.MAX
Mon Apr 20 21:14:04 Saved as file BACKUP1.MAX
Mon Apr 20 21:14:04 Routed 24 connections in 6 seconds.
Mon Apr 20 21:14:04 Total is now 24 out of 160 (15%).
Mon Apr 20 21:14:04 Saved as file SWEEP1.MAX
Mon Apr 20 21:14:12 Saved as file BACKUP1.MAX
Mon Apr 20 21:14:30 Saved as file BACKUP1.MAX
Mon Apr 20 21:14:31 Saved as file BACKUP1.MAX
Mon Apr 20 21:14:31 Routed 123 connections in 27 seconds.
Mon Apr 20 21:14:31 Total is now 115 out of 160 (71%).
Mon Apr 20 21:14:31 Saved as file SWEEP2.MAX
Mon Apr 20 21:16:48 Routed 6 connections in  2.3 minutes.
Mon Apr 20 21:16:48 Total is now 121 out of 160 (75%).
Mon Apr 20 21:16:48 Saved as file SWEEP3.MAX
Mon Apr 20 21:20:42 Routed 4 connections in  3.9 minutes.
Mon Apr 20 21:20:42 Total is now 124 out of 160 (77%).
Mon Apr 20 21:20:42 Saved as file SWEEP4.MAX
Mon Apr 20 21:21:31 Saved as file BACKUP1.MAX
Mon Apr 20 21:23:38 Routed 6 connections in  2.9 minutes.
Mon Apr 20 21:23:38 Total is now 127 out of 160 (79%).
Mon Apr 20 21:23:38 Saved as file SWEEP5.MAX
Mon Apr 20 21:27:05 Saved as file BACKUP1.MAX
Mon Apr 20 21:27:07 Saved as file BACKUP1.MAX
Mon Apr 20 21:27:09 Saved as file BACKUP1.MAX
Mon Apr 20 21:27:09 Routed 23 connections in 6 seconds.
Mon Apr 20 21:27:09 Total is now 23 out of 160 (14%).
Mon Apr 20 21:27:09 Saved as file SWEEP1.MAX
Mon Apr 20 21:27:21 Saved as file BACKUP1.MAX
Mon Apr 20 21:27:41 Saved as file BACKUP1.MAX
Mon Apr 20 21:27:43 Saved as file BACKUP1.MAX
Mon Apr 20 21:27:43 Routed 133 connections in 34 seconds.
Mon Apr 20 21:27:43 Total is now 126 out of 160 (78%).
Mon Apr 20 21:27:43 Saved as file SWEEP2.MAX
Mon Apr 20 21:29:34 Routed 8 connections in 111 seconds.
Mon Apr 20 21:29:34 Total is now 134 out of 160 (83%).
Mon Apr 20 21:29:34 Saved as file SWEEP3.MAX
Mon Apr 20 21:33:31 Saved as file BACKUP1.MAX
Mon Apr 20 21:34:59 Routed 5 connections in  5.4 minutes.
Mon Apr 20 21:34:59 Total is now 139 out of 160 (86%).
Mon Apr 20 21:34:59 Saved as file SWEEP4.MAX
Mon Apr 20 21:41:30 Routed 8 connections in  6.5 minutes.
Mon Apr 20 21:41:30 Total is now 147 out of 160 (91%).
Mon Apr 20 21:41:30 Saved as file SWEEP5.MAX
Mon Apr 20 22:15:16 Saved as file BACKUP1.MAX
Mon Apr 20 22:15:18 Saved as file BACKUP1.MAX
Mon Apr 20 22:15:18 Saved as file BACKUP1.MAX
Mon Apr 20 22:15:18 Routed 34 connections in 5 seconds.
Mon Apr 20 22:15:18 Total is now 34 out of 160 (21%).
Mon Apr 20 22:15:18 Saved as file SWEEP1.MAX
Mon Apr 20 22:15:25 Saved as file BACKUP1.MAX
Mon Apr 20 22:15:45 Saved as file BACKUP1.MAX
Mon Apr 20 22:15:45 Saved as file BACKUP1.MAX
Mon Apr 20 22:15:45 Routed 157 connections in 26 seconds.
Mon Apr 20 22:15:45 Total is now 156 out of 160 (97%).
Mon Apr 20 22:15:45 Saved as file SWEEP2.MAX
Mon Apr 20 22:15:48 Routed 2 connections in 2 seconds.
Mon Apr 20 22:15:48 Total is now 158 out of 160 (98%).
Mon Apr 20 22:15:48 Saved as file SWEEP3.MAX
Mon Apr 20 22:16:01 Routed 2 connections in 12 seconds.
Mon Apr 20 22:16:01 Total is now 160 out of 160 (100%).
Mon Apr 20 22:16:01 Saved as file SWEEP4.MAX
Mon Apr 20 22:16:01 No new connections routed.
Mon Apr 20 22:16:01 Total is now 160 out of 160 (100%).
Mon Apr 20 22:16:01 Saved as file SWEEP5.MAX
Mon Apr 20 22:54:31 Saved as file BACKUP1.MAX
Mon Apr 20 23:05:31 Saved as file BACKUP1.MAX
Mon Apr 20 23:16:31 Saved as file BACKUP1.MAX
Mon Apr 20 23:20:05 Saved as file ~undo.max
Mon Apr 20 23:27:33 Saved as file BACKUP1.MAX
Mon Apr 20 23:28:14 Saved as file F:\ELECTRONIC\2015\PROJECTS\20.LOW COST RELOAD MACHINE\SCHEMATIC\VER2\SRM.MAX
Mon Apr 20 23:28:18 Saved as file F:\ELECTRONIC\2015\PROJECTS\20.LOW COST RELOAD MACHINE\SCHEMATIC\VER2\SRM.MAX
Tue Apr 21 17:01:10 Error code 5226.574 (3)
Tue Apr 21 17:01:10 Saved as file Backup0.max
Tue Apr 21 17:01:10 Windows which were open at time of error:
Tue Apr 21 17:01:10 	ActiveWindow: &Route
Tue Apr 21 17:01:10 	Icon: &Components
Tue Apr 21 17:01:10 	Icon: &Nets
Tue Apr 21 17:01:10 	Icon: Post Proces&s
Tue Apr 21 17:01:10 End-of-list
Tue Apr 21 17:01:12 Loaded file BACKUP0.MAX
Tue Apr 21 17:01:55 Loaded file C:\PROGRAM FILES\ORCAD\LAYOUT_PLUS\LIBRARY\EMPTY.LLB
Tue Apr 21 17:01:55 Loaded file C:\PROGRAM FILES\ORCAD\LAYOUT_PLUS\LIBRARY\EX_GUI.LLB
Tue Apr 21 17:01:55 Loaded file C:\PROGRAM FILES\ORCAD\LAYOUT_PLUS\LIBRARY\IC.LLB
Tue Apr 21 17:01:55 Loaded file C:\PROGRAM FILES\ORCAD\LAYOUT_PLUS\LIBRARY\METRIC.LLB
Tue Apr 21 17:01:55 Loaded file C:\PROGRAM FILES\ORCAD\LAYOUT_PLUS\LIBRARY\PADSTACK.LLB
Tue Apr 21 17:01:55 Loaded file C:\PROGRAM FILES\ORCAD\LAYOUT_PLUS\LIBRARY\USER.LLB
Tue Apr 21 17:01:55 Loaded file C:\PROGRAM FILES\ORCAD\LIBRARY-DRC\LED.LLB
Tue Apr 21 17:01:55 Loaded file C:\PROGRAM FILES\ORCAD\LIBRARY-DRC\SWITCHES.LLB
Tue Apr 21 17:01:55 Loaded file C:\PROGRAM FILES\ORCAD\LIBRARY-DRC\CONNECTOR.LLB
Tue Apr 21 17:01:55 Loaded file C:\PROGRAM FILES\ORCAD\LIBRARY-DRC\CRYSTAL.LLB
Tue Apr 21 17:01:55 Loaded file C:\PROGRAM FILES\ORCAD\LIBRARY-DRC\DIOD.LLB
Tue Apr 21 17:01:55 Loaded file C:\PROGRAM FILES\ORCAD\LIBRARY-DRC\CAPACITOR.LLB
Tue Apr 21 17:01:55 Loaded file C:\PROGRAM FILES\ORCAD\LIBRARY-DRC\RESISTOR.LLB
Tue Apr 21 17:01:55 Loaded file C:\PROGRAM FILES\ORCAD\LIBRARY-DRC\IC.LLB
Tue Apr 21 17:01:55 Loaded file C:\PROGRAM FILES\ORCAD\LIBRARY-DRC\HEADER.LLB
Tue Apr 21 17:01:55 Loaded file C:\PROGRAM FILES\ORCAD\LAYOUT_PLUS\library\BCON100T.llb
Tue Apr 21 17:01:55 Loaded file C:\PROGRAM FILES\ORCAD\LAYOUT_PLUS\library\BCON156T.llb
Tue Apr 21 17:01:55 Loaded file C:\PROGRAM FILES\ORCAD\LAYOUT_PLUS\library\BGA.llb
Tue Apr 21 17:01:55 Loaded file C:\PROGRAM FILES\ORCAD\LAYOUT_PLUS\library\CLCC.llb
Tue Apr 21 17:01:55 Loaded file C:\PROGRAM FILES\ORCAD\LAYOUT_PLUS\library\DCON050T.llb
Tue Apr 21 17:01:55 Loaded file C:\PROGRAM FILES\ORCAD\LAYOUT_PLUS\library\DCON085T.llb
Tue Apr 21 17:01:55 Loaded file C:\PROGRAM FILES\ORCAD\LAYOUT_PLUS\library\DIMM050F.llb
Tue Apr 21 17:01:55 Loaded file C:\PROGRAM FILES\ORCAD\LAYOUT_PLUS\library\DIMM050T.llb
Tue Apr 21 17:01:55 Loaded file C:\PROGRAM FILES\ORCAD\LAYOUT_PLUS\library\DIN.llb
Tue Apr 21 17:01:55 Loaded file C:\PROGRAM FILES\ORCAD\LAYOUT_PLUS\library\DIP100B.llb
Tue Apr 21 17:01:55 Loaded file C:\PROGRAM FILES\ORCAD\LAYOUT_PLUS\library\DIP100T.llb
Tue Apr 21 17:01:55 Loaded file C:\PROGRAM FILES\ORCAD\LAYOUT_PLUS\library\DSUBT.llb
Tue Apr 21 17:01:55 Loaded file C:\PROGRAM FILES\ORCAD\LAYOUT_PLUS\library\DSUBT_HD.LLB
Tue Apr 21 17:01:55 Loaded file C:\PROGRAM FILES\ORCAD\LAYOUT_PLUS\library\ECON100T.llb
Tue Apr 21 17:01:55 Loaded file C:\PROGRAM FILES\ORCAD\LAYOUT_PLUS\library\FBUS.llb
Tue Apr 21 17:01:55 Loaded file C:\PROGRAM FILES\ORCAD\LAYOUT_PLUS\library\ISA.llb
Tue Apr 21 17:01:55 Loaded file C:\PROGRAM FILES\ORCAD\LAYOUT_PLUS\library\JUMPER.LLB
Tue Apr 21 17:01:55 Loaded file C:\PROGRAM FILES\ORCAD\LAYOUT_PLUS\library\LAYOUT.llb
Tue Apr 21 17:01:55 Loaded file C:\PROGRAM FILES\ORCAD\LAYOUT_PLUS\library\LCON100T.llb
Tue Apr 21 17:01:55 Loaded file C:\PROGRAM FILES\ORCAD\LAYOUT_PLUS\library\PC104.llb
Tue Apr 21 17:01:55 Loaded file C:\PROGRAM FILES\ORCAD\LAYOUT_PLUS\library\PCI.llb
Tue Apr 21 17:01:55 Loaded file C:\PROGRAM FILES\ORCAD\LAYOUT_PLUS\library\PCON100T.llb
Tue Apr 21 17:19:45 Saved as file BACKUP1.MAX
Tue Apr 21 17:20:26 Loaded file C:\Program Files\Orcad\Layout_Plus\data\template.imp
Tue Apr 21 17:20:26 Loaded file C:\Program Files\Orcad\Layout_Plus\data\template.imp
Tue Apr 21 17:20:28 Loaded file C:\PROGRAM FILES\ORCAD\LAYOUT_PLUS\LIBRARY\EX_GUI.LLB
Tue Apr 21 17:20:28 Loaded file C:\Program Files\Orcad\Layout_Plus\data\template.imp
Tue Apr 21 17:20:31 Loaded file C:\Program Files\Orcad\Layout_Plus\library\padstack.llb
Tue Apr 21 17:20:53 Loaded file C:\Program Files\Orcad\Layout_Plus\library\padstack.llb
Tue Apr 21 17:21:00 Loaded file C:\Program Files\Orcad\Layout_Plus\library\padstack.llb
Tue Apr 21 17:21:27 Loaded file C:\Program Files\Orcad\Layout_Plus\library\padstack.llb
Tue Apr 21 17:21:38 Loaded file C:\PROGRAM FILES\ORCAD\LAYOUT_PLUS\LIBRARY\METRIC.LLB
Tue Apr 21 17:21:41 Loaded file C:\PROGRAM FILES\ORCAD\LAYOUT_PLUS\LIBRARY\USER.LLB
Tue Apr 21 17:21:43 Loaded file C:\Program Files\Orcad\Layout_Plus\data\template.imp
Tue Apr 21 17:21:44 Loaded file C:\Program Files\Orcad\Layout_Plus\library\padstack.llb
Tue Apr 21 17:21:53 Loaded file C:\Program Files\Orcad\Layout_Plus\library\padstack.llb
Tue Apr 21 17:21:59 Loaded file C:\Program Files\Orcad\Layout_Plus\library\padstack.llb
Tue Apr 21 17:22:02 Loaded file C:\Program Files\Orcad\Layout_Plus\library\padstack.llb
Tue Apr 21 17:22:11 Loaded file C:\Program Files\Orcad\Layout_Plus\library\padstack.llb
Tue Apr 21 17:22:24 Loaded file C:\Program Files\Orcad\Layout_Plus\library\padstack.llb
Tue Apr 21 17:22:29 Loaded file C:\PROGRAM FILES\ORCAD\LIBRARY-DRC\SWITCHES.LLB
Tue Apr 21 17:22:32 Loaded file C:\Program Files\Orcad\Layout_Plus\data\template.imp
Tue Apr 21 17:22:37 Loaded file C:\PROGRAM FILES\ORCAD\LIBRARY-DRC\CONNECTOR.LLB
Tue Apr 21 17:22:40 Loaded file C:\Program Files\Orcad\Layout_Plus\data\template.imp
Tue Apr 21 17:24:47 Loaded file C:\PROGRAM FILES\ORCAD\LIBRARY-DRC\CAPACITOR.LLB
Tue Apr 21 17:24:50 Loaded file C:\PROGRAM FILES\ORCAD\LIBRARY-DRC\CONNECTOR.LLB
Tue Apr 21 17:24:50 Saved as file C:\PROGRAM FILES\ORCAD\LIBRARY-DRC\CONNECTOR.LLB
Tue Apr 21 17:24:50 Loaded file C:\Program Files\Orcad\Layout_Plus\data\template.imp
Tue Apr 21 17:26:18 Loaded file C:\Program Files\Orcad\Layout_Plus\data\template.imp
Tue Apr 21 17:26:21 Loaded file C:\Program Files\Orcad\Layout_Plus\data\template.imp
Tue Apr 21 17:28:34 Loaded file C:\Program Files\Orcad\Layout_Plus\data\template.imp
Tue Apr 21 17:30:45 Saved as file BACKUP1.MAX
Tue Apr 21 17:41:16 Saved as file BACKUP1.MAX
Tue Apr 21 17:51:45 Saved as file BACKUP1.MAX
Tue Apr 21 18:02:15 Saved as file BACKUP1.MAX
Tue Apr 21 18:09:44 Saved as file F:\ELECTRONIC\2015\PROJECTS\20.LOW COST RELOAD MACHINE\SCHEMATIC\VER2\SRM1.MAX
Mon Jun 22 10:00:36 Saved as file BACKUP1.MAX
Mon Jun 22 10:11:06 Saved as file BACKUP1.MAX
Mon Jun 22 10:21:36 Saved as file BACKUP1.MAX
Mon Jun 22 10:32:06 Saved as file BACKUP1.MAX
Mon Jun 22 10:42:36 Saved as file BACKUP1.MAX
Mon Jun 22 10:53:06 Saved as file BACKUP1.MAX
Mon Jun 22 11:03:06 Saved as file BACKUP1.MAX
Mon Jun 22 11:13:36 Saved as file BACKUP1.MAX
Mon Jun 22 11:24:06 Saved as file BACKUP1.MAX
Mon Jun 22 11:34:36 Saved as file BACKUP1.MAX
Mon Jun 22 11:45:06 Saved as file BACKUP1.MAX
Mon Jun 22 11:55:36 Saved as file BACKUP1.MAX
Mon Jun 22 12:06:06 Saved as file BACKUP1.MAX
Mon Jun 22 12:16:36 Saved as file BACKUP1.MAX
Mon Jun 22 12:27:06 Saved as file BACKUP1.MAX
Mon Jun 22 12:37:36 Saved as file BACKUP1.MAX
Mon Jun 22 12:48:06 Saved as file BACKUP1.MAX
Mon Jun 22 12:58:36 Saved as file BACKUP1.MAX
Mon Jun 22 13:09:06 Saved as file BACKUP1.MAX
Mon Jun 22 13:19:36 Saved as file BACKUP1.MAX
Mon Jun 22 13:30:06 Saved as file BACKUP1.MAX
Mon Jun 22 13:40:36 Saved as file BACKUP1.MAX
Mon Jun 22 13:51:06 Saved as file BACKUP1.MAX
Mon Jun 22 14:01:36 Saved as file BACKUP1.MAX
Mon Jun 22 14:12:06 Saved as file BACKUP1.MAX
Mon Jun 22 14:22:36 Saved as file BACKUP1.MAX
Mon Jun 22 14:33:06 Saved as file BACKUP1.MAX
Mon Jun 22 14:43:36 Saved as file BACKUP1.MAX
Mon Jun 22 14:53:36 Saved as file BACKUP1.MAX
Mon Jun 22 18:54:15 Saved as file BACKUP1.MAX
Mon Jun 22 19:04:38 Saved as file BACKUP1.MAX
Mon Jun 22 19:15:08 Saved as file BACKUP1.MAX
Mon Jun 22 19:25:38 Saved as file BACKUP1.MAX
Mon Jun 22 19:36:08 Saved as file BACKUP1.MAX
Mon Jun 22 19:46:38 Saved as file BACKUP1.MAX
Mon Jun 22 19:57:08 Saved as file BACKUP1.MAX
Mon Jun 22 22:00:25 Saved as file BACKUP1.MAX
Mon Jun 22 22:10:54 Saved as file BACKUP1.MAX
Mon Jun 22 22:21:24 Saved as file BACKUP1.MAX
Mon Jun 22 22:31:54 Saved as file BACKUP1.MAX
Mon Jun 22 22:42:24 Saved as file BACKUP1.MAX
Mon Jun 22 22:52:24 Saved as file BACKUP1.MAX
Mon Jun 22 23:02:54 Saved as file BACKUP1.MAX
Mon Jun 22 23:13:24 Saved as file BACKUP1.MAX
Mon Jun 22 23:23:54 Saved as file BACKUP1.MAX
Mon Jun 22 23:34:24 Saved as file BACKUP1.MAX
Mon Jun 22 23:44:54 Saved as file BACKUP1.MAX
Mon Jun 22 23:55:24 Saved as file BACKUP1.MAX
Tue Jun 23 00:05:54 Saved as file BACKUP1.MAX
Tue Jun 23 00:16:24 Saved as file BACKUP1.MAX
Tue Jun 23 00:26:54 Saved as file BACKUP1.MAX
Tue Jun 23 00:37:24 Saved as file BACKUP1.MAX
Tue Jun 23 00:47:54 Saved as file BACKUP1.MAX
Tue Jun 23 00:53:16 Saved as file F:\ELECTRONIC\2015\PROJECTS\20. SMART RELOAD MACHINE\SCHEMATIC\VER2\SRM.MAX
